{"/home/travis/build/npmtest/node-npmtest-nomnom/test.js":{"path":"/home/travis/build/npmtest/node-npmtest-nomnom/test.js","s":{"1":2,"2":2,"3":2,"4":2,"5":2,"6":2,"7":2,"8":1,"9":2,"10":2,"11":1,"12":1,"13":1,"14":1,"15":2,"16":2,"17":2,"18":2,"19":1,"20":1,"21":2,"22":2,"23":2,"24":1,"25":1,"26":1,"27":1,"28":1,"29":1,"30":1,"31":1,"32":1,"33":1,"34":1,"35":1,"36":1,"37":2,"38":2,"39":1,"40":2,"41":2,"42":1,"43":2,"44":2,"45":1,"46":2,"47":2,"48":1,"49":1,"50":1,"51":1,"52":1},"b":{"1":[2,1,1,1],"2":[1,1,1,1],"3":[1,1],"4":[1,1],"5":[1,1],"6":[1,1],"7":[1,1],"8":[1,1],"9":[1,1,1],"10":[1,1],"11":[1,1],"12":[1,1],"13":[1,1],"14":[1,1],"15":[1,1],"16":[1,1]},"f":{"1":2,"2":2,"3":2,"4":2,"5":2,"6":1,"7":1,"8":2,"9":2,"10":2,"11":2,"12":1},"fnMap":{"1":{"name":"(anonymous_1)","line":12,"loc":{"start":{"line":12,"column":1},"end":{"line":12,"column":13}}},"2":{"name":"(anonymous_2)","line":19,"loc":{"start":{"line":19,"column":5},"end":{"line":19,"column":17}}},"3":{"name":"(anonymous_3)","line":23,"loc":{"start":{"line":23,"column":24},"end":{"line":23,"column":36}}},"4":{"name":"(anonymous_4)","line":61,"loc":{"start":{"line":61,"column":5},"end":{"line":61,"column":17}}},"5":{"name":"(anonymous_5)","line":82,"loc":{"start":{"line":82,"column":5},"end":{"line":82,"column":17}}},"6":{"name":"(anonymous_6)","line":102,"loc":{"start":{"line":102,"column":83},"end":{"line":105,"column":10}},"skip":true},"7":{"name":"(anonymous_7)","line":113,"loc":{"start":{"line":113,"column":77},"end":{"line":116,"column":10}},"skip":true},"8":{"name":"(anonymous_8)","line":129,"loc":{"start":{"line":129,"column":12},"end":{"line":129,"column":40}},"skip":true},"9":{"name":"(anonymous_9)","line":137,"loc":{"start":{"line":137,"column":77},"end":{"line":140,"column":10}},"skip":true},"10":{"name":"(anonymous_10)","line":148,"loc":{"start":{"line":148,"column":83},"end":{"line":151,"column":10}},"skip":true},"11":{"name":"(anonymous_11)","line":159,"loc":{"start":{"line":159,"column":79},"end":{"line":162,"column":10}},"skip":true},"12":{"name":"(anonymous_12)","line":170,"loc":{"start":{"line":170,"column":75},"end":{"line":173,"column":10}},"skip":true}},"statementMap":{"1":{"start":{"line":12,"column":0},"end":{"line":185,"column":5}},"2":{"start":{"line":14,"column":4},"end":{"line":14,"column":14}},"3":{"start":{"line":19,"column":4},"end":{"line":56,"column":9}},"4":{"start":{"line":21,"column":8},"end":{"line":21,"column":19}},"5":{"start":{"line":23,"column":8},"end":{"line":35,"column":13}},"6":{"start":{"line":24,"column":12},"end":{"line":34,"column":13}},"7":{"start":{"line":25,"column":16},"end":{"line":28,"column":30}},"8":{"start":{"line":30,"column":16},"end":{"line":33,"column":27}},"9":{"start":{"line":37,"column":8},"end":{"line":39,"column":21}},"10":{"start":{"line":40,"column":8},"end":{"line":53,"column":9}},"11":{"start":{"line":43,"column":12},"end":{"line":46,"column":14}},"12":{"start":{"line":47,"column":12},"end":{"line":47,"column":18}},"13":{"start":{"line":50,"column":12},"end":{"line":51,"column":46}},"14":{"start":{"line":52,"column":12},"end":{"line":52,"column":18}},"15":{"start":{"line":55,"column":8},"end":{"line":55,"column":35}},"16":{"start":{"line":61,"column":4},"end":{"line":63,"column":9}},"17":{"start":{"line":62,"column":8},"end":{"line":62,"column":15}},"18":{"start":{"line":64,"column":4},"end":{"line":77,"column":5}},"19":{"start":{"line":70,"column":8},"end":{"line":70,"column":14}},"20":{"start":{"line":76,"column":8},"end":{"line":76,"column":14}},"21":{"start":{"line":82,"column":4},"end":{"line":84,"column":9}},"22":{"start":{"line":83,"column":8},"end":{"line":83,"column":15}},"23":{"start":{"line":85,"column":4},"end":{"line":184,"column":5}},"24":{"start":{"line":92,"column":8},"end":{"line":94,"column":63}},"25":{"start":{"line":95,"column":8},"end":{"line":95,"column":14}},"26":{"start":{"line":102,"column":8},"end":{"line":111,"column":10},"skip":true},"27":{"start":{"line":109,"column":12},"end":{"line":109,"column":55},"skip":true},"28":{"start":{"line":110,"column":12},"end":{"line":110,"column":48},"skip":true},"29":{"start":{"line":113,"column":8},"end":{"line":126,"column":10},"skip":true},"30":{"start":{"line":120,"column":12},"end":{"line":120,"column":76},"skip":true},"31":{"start":{"line":121,"column":12},"end":{"line":121,"column":73},"skip":true},"32":{"start":{"line":122,"column":12},"end":{"line":122,"column":74},"skip":true},"33":{"start":{"line":123,"column":12},"end":{"line":123,"column":79},"skip":true},"34":{"start":{"line":124,"column":12},"end":{"line":124,"column":25},"skip":true},"35":{"start":{"line":125,"column":12},"end":{"line":125,"column":45},"skip":true},"36":{"start":{"line":128,"column":8},"end":{"line":135,"column":14},"skip":true},"37":{"start":{"line":133,"column":16},"end":{"line":133,"column":29},"skip":true},"38":{"start":{"line":134,"column":16},"end":{"line":134,"column":55},"skip":true},"39":{"start":{"line":137,"column":8},"end":{"line":146,"column":10},"skip":true},"40":{"start":{"line":144,"column":12},"end":{"line":144,"column":25},"skip":true},"41":{"start":{"line":145,"column":12},"end":{"line":145,"column":45},"skip":true},"42":{"start":{"line":148,"column":8},"end":{"line":157,"column":10},"skip":true},"43":{"start":{"line":155,"column":12},"end":{"line":155,"column":25},"skip":true},"44":{"start":{"line":156,"column":12},"end":{"line":156,"column":48},"skip":true},"45":{"start":{"line":159,"column":8},"end":{"line":168,"column":10},"skip":true},"46":{"start":{"line":166,"column":12},"end":{"line":166,"column":25},"skip":true},"47":{"start":{"line":167,"column":12},"end":{"line":167,"column":46},"skip":true},"48":{"start":{"line":170,"column":8},"end":{"line":179,"column":10},"skip":true},"49":{"start":{"line":177,"column":12},"end":{"line":177,"column":94},"skip":true},"50":{"start":{"line":178,"column":12},"end":{"line":178,"column":48},"skip":true},"51":{"start":{"line":182,"column":8},"end":{"line":182,"column":35},"skip":true},"52":{"start":{"line":183,"column":8},"end":{"line":183,"column":14},"skip":true}},"branchMap":{"1":{"line":25,"type":"binary-expr","locations":[{"start":{"line":25,"column":23},"end":{"line":25,"column":62}},{"start":{"line":26,"column":20},"end":{"line":26,"column":70}},{"start":{"line":27,"column":20},"end":{"line":27,"column":71}},{"start":{"line":28,"column":20},"end":{"line":28,"column":29}}]},"2":{"line":30,"type":"binary-expr","locations":[{"start":{"line":30,"column":23},"end":{"line":30,"column":37}},{"start":{"line":31,"column":20},"end":{"line":31,"column":61}},{"start":{"line":32,"column":20},"end":{"line":32,"column":70}},{"start":{"line":33,"column":20},"end":{"line":33,"column":26}}]},"3":{"line":37,"type":"cond-expr","locations":[{"start":{"line":38,"column":14},"end":{"line":38,"column":20}},{"start":{"line":39,"column":14},"end":{"line":39,"column":20}}]},"4":{"line":40,"type":"switch","locations":[{"start":{"line":42,"column":8},"end":{"line":47,"column":18}},{"start":{"line":49,"column":8},"end":{"line":52,"column":18}}]},"5":{"line":44,"type":"binary-expr","locations":[{"start":{"line":44,"column":16},"end":{"line":44,"column":44}},{"start":{"line":44,"column":48},"end":{"line":44,"column":66}}]},"6":{"line":50,"type":"binary-expr","locations":[{"start":{"line":50,"column":21},"end":{"line":50,"column":49}},{"start":{"line":50,"column":53},"end":{"line":50,"column":72}}]},"7":{"line":64,"type":"switch","locations":[{"start":{"line":69,"column":4},"end":{"line":70,"column":14}},{"start":{"line":75,"column":4},"end":{"line":76,"column":14}}]},"8":{"line":85,"type":"switch","locations":[{"start":{"line":90,"column":4},"end":{"line":95,"column":14}},{"start":{"line":101,"column":4},"end":{"line":183,"column":14},"skip":true}]},"9":{"line":92,"type":"binary-expr","locations":[{"start":{"line":92,"column":18},"end":{"line":92,"column":32}},{"start":{"line":93,"column":12},"end":{"line":93,"column":53}},{"start":{"line":94,"column":12},"end":{"line":94,"column":61}}]},"10":{"line":102,"type":"binary-expr","locations":[{"start":{"line":102,"column":45},"end":{"line":102,"column":79},"skip":true},{"start":{"line":102,"column":83},"end":{"line":111,"column":9},"skip":true}]},"11":{"line":113,"type":"binary-expr","locations":[{"start":{"line":113,"column":42},"end":{"line":113,"column":73},"skip":true},{"start":{"line":113,"column":77},"end":{"line":126,"column":9},"skip":true}]},"12":{"line":128,"type":"binary-expr","locations":[{"start":{"line":128,"column":48},"end":{"line":128,"column":85},"skip":true},{"start":{"line":129,"column":12},"end":{"line":135,"column":13},"skip":true}]},"13":{"line":137,"type":"binary-expr","locations":[{"start":{"line":137,"column":42},"end":{"line":137,"column":73},"skip":true},{"start":{"line":137,"column":77},"end":{"line":146,"column":9},"skip":true}]},"14":{"line":148,"type":"binary-expr","locations":[{"start":{"line":148,"column":45},"end":{"line":148,"column":79},"skip":true},{"start":{"line":148,"column":83},"end":{"line":157,"column":9},"skip":true}]},"15":{"line":159,"type":"binary-expr","locations":[{"start":{"line":159,"column":43},"end":{"line":159,"column":75},"skip":true},{"start":{"line":159,"column":79},"end":{"line":168,"column":9},"skip":true}]},"16":{"line":170,"type":"binary-expr","locations":[{"start":{"line":170,"column":41},"end":{"line":170,"column":71},"skip":true},{"start":{"line":170,"column":75},"end":{"line":179,"column":9},"skip":true}]}},"code":["/* istanbul instrument in package npmtest_nomnom */","/*jslint","    bitwise: true,","    browser: true,","    maxerr: 8,","    maxlen: 96,","    node: true,","    nomen: true,","    regexp: true,","    stupid: true","*/","(function () {","    'use strict';","    var local;","","","","    // run shared js-env code - pre-init","    (function () {","        // init local","        local = {};","        // init modeJs","        local.modeJs = (function () {","            try {","                return typeof navigator.userAgent === 'string' &&","                    typeof document.querySelector('body') === 'object' &&","                    typeof XMLHttpRequest.prototype.open === 'function' &&","                    'browser';","            } catch (errorCaughtBrowser) {","                return module.exports &&","                    typeof process.versions.node === 'string' &&","                    typeof require('http').createServer === 'function' &&","                    'node';","            }","        }());","        // init global","        local.global = local.modeJs === 'browser'","            ? window","            : global;","        switch (local.modeJs) {","        // re-init local from window.local","        case 'browser':","            local = local.global.utility2.objectSetDefault(","                local.global.utility2_rollup || local.global.local,","                local.global.utility2","            );","            break;","        // re-init local from example.js","        case 'node':","            local = (local.global.utility2_rollup || require('utility2'))","                .requireExampleJsFromReadme();","            break;","        }","        // export local","        local.global.local = local;","    }());","","","","    // run shared js-env code - function","    (function () {","        return;","    }());","    switch (local.modeJs) {","","","","    // run browser js-env code - function","    case 'browser':","        break;","","","","    // run node js-env code - function","    case 'node':","        break;","    }","","","","    // run shared js-env code - post-init","    (function () {","        return;","    }());","    switch (local.modeJs) {","","","","    // run browser js-env code - post-init","    case 'browser':","        // run tests","        local.nop(local.modeTest &&","            document.querySelector('#testRunButton1') &&","            document.querySelector('#testRunButton1').click());","        break;","","","","    // run node js-env code - post-init","    /* istanbul ignore next */","    case 'node':","        local.testCase_buildApidoc_default = local.testCase_buildApidoc_default || function (","            options,","            onError","        ) {","        /*","         * this function will test buildApidoc's default handling-behavior-behavior","         */","            options = { modulePathList: module.paths };","            local.buildApidoc(options, onError);","        };","","        local.testCase_buildApp_default = local.testCase_buildApp_default || function (","            options,","            onError","        ) {","        /*","         * this function will test buildApp's default handling-behavior-behavior","         */","            local.testCase_buildReadme_default(options, local.onErrorThrow);","            local.testCase_buildLib_default(options, local.onErrorThrow);","            local.testCase_buildTest_default(options, local.onErrorThrow);","            local.testCase_buildCustomOrg_default(options, local.onErrorThrow);","            options = [];","            local.buildApp(options, onError);","        };","","        local.testCase_buildCustomOrg_default = local.testCase_buildCustomOrg_default ||","            function (options, onError) {","            /*","             * this function will test buildCustomOrg's default handling-behavior","             */","                options = {};","                local.buildCustomOrg(options, onError);","            };","","        local.testCase_buildLib_default = local.testCase_buildLib_default || function (","            options,","            onError","        ) {","        /*","         * this function will test buildLib's default handling-behavior","         */","            options = {};","            local.buildLib(options, onError);","        };","","        local.testCase_buildReadme_default = local.testCase_buildReadme_default || function (","            options,","            onError","        ) {","        /*","         * this function will test buildReadme's default handling-behavior-behavior","         */","            options = {};","            local.buildReadme(options, onError);","        };","","        local.testCase_buildTest_default = local.testCase_buildTest_default || function (","            options,","            onError","        ) {","        /*","         * this function will test buildTest's default handling-behavior","         */","            options = {};","            local.buildTest(options, onError);","        };","","        local.testCase_webpage_default = local.testCase_webpage_default || function (","            options,","            onError","        ) {","        /*","         * this function will test webpage's default handling-behavior","         */","            options = { modeCoverageMerge: true, url: local.serverLocalHost + '?modeTest=1' };","            local.browserTest(options, onError);","        };","","        // run test-server","        local.testRunServer(local);","        break;","    }","}());",""],"l":{"12":2,"14":2,"19":2,"21":2,"23":2,"24":2,"25":2,"30":1,"37":2,"40":2,"43":1,"47":1,"50":1,"52":1,"55":2,"61":2,"62":2,"64":2,"70":1,"76":1,"82":2,"83":2,"85":2,"92":1,"95":1,"102":1,"109":1,"110":1,"113":1,"120":1,"121":1,"122":1,"123":1,"124":1,"125":1,"128":1,"133":2,"134":2,"137":1,"144":2,"145":2,"148":1,"155":2,"156":2,"159":1,"166":2,"167":2,"170":1,"177":1,"178":1,"182":1,"183":1}},"/home/travis/build/npmtest/node-npmtest-nomnom/lib.npmtest_nomnom.js":{"path":"/home/travis/build/npmtest/node-npmtest-nomnom/lib.npmtest_nomnom.js","s":{"1":2,"2":2,"3":2,"4":2,"5":2,"6":2,"7":2,"8":1,"9":2,"10":2,"11":2,"12":2,"13":1,"14":1,"15":1,"16":1},"b":{"1":[2,1,1,1],"2":[1,1,1,1],"3":[1,1],"4":[2,2],"5":[1,1]},"f":{"1":2,"2":2,"3":2},"fnMap":{"1":{"name":"(anonymous_1)","line":12,"loc":{"start":{"line":12,"column":1},"end":{"line":12,"column":13}}},"2":{"name":"(anonymous_2)","line":19,"loc":{"start":{"line":19,"column":5},"end":{"line":19,"column":17}}},"3":{"name":"(anonymous_3)","line":23,"loc":{"start":{"line":23,"column":24},"end":{"line":23,"column":36}}}},"statementMap":{"1":{"start":{"line":12,"column":0},"end":{"line":53,"column":5}},"2":{"start":{"line":14,"column":4},"end":{"line":14,"column":14}},"3":{"start":{"line":19,"column":4},"end":{"line":52,"column":9}},"4":{"start":{"line":21,"column":8},"end":{"line":21,"column":19}},"5":{"start":{"line":23,"column":8},"end":{"line":35,"column":13}},"6":{"start":{"line":24,"column":12},"end":{"line":34,"column":13}},"7":{"start":{"line":25,"column":16},"end":{"line":28,"column":30}},"8":{"start":{"line":30,"column":16},"end":{"line":33,"column":27}},"9":{"start":{"line":37,"column":8},"end":{"line":39,"column":21}},"10":{"start":{"line":41,"column":8},"end":{"line":41,"column":54}},"11":{"start":{"line":43,"column":8},"end":{"line":43,"column":51}},"12":{"start":{"line":45,"column":8},"end":{"line":51,"column":9}},"13":{"start":{"line":46,"column":12},"end":{"line":46,"column":57}},"14":{"start":{"line":48,"column":12},"end":{"line":48,"column":35}},"15":{"start":{"line":49,"column":12},"end":{"line":49,"column":49}},"16":{"start":{"line":50,"column":12},"end":{"line":50,"column":43}}},"branchMap":{"1":{"line":25,"type":"binary-expr","locations":[{"start":{"line":25,"column":23},"end":{"line":25,"column":62}},{"start":{"line":26,"column":20},"end":{"line":26,"column":70}},{"start":{"line":27,"column":20},"end":{"line":27,"column":71}},{"start":{"line":28,"column":20},"end":{"line":28,"column":29}}]},"2":{"line":30,"type":"binary-expr","locations":[{"start":{"line":30,"column":23},"end":{"line":30,"column":37}},{"start":{"line":31,"column":20},"end":{"line":31,"column":61}},{"start":{"line":32,"column":20},"end":{"line":32,"column":70}},{"start":{"line":33,"column":20},"end":{"line":33,"column":26}}]},"3":{"line":37,"type":"cond-expr","locations":[{"start":{"line":38,"column":14},"end":{"line":38,"column":20}},{"start":{"line":39,"column":14},"end":{"line":39,"column":20}}]},"4":{"line":41,"type":"binary-expr","locations":[{"start":{"line":41,"column":16},"end":{"line":41,"column":44}},{"start":{"line":41,"column":48},"end":{"line":41,"column":53}}]},"5":{"line":45,"type":"if","locations":[{"start":{"line":45,"column":8},"end":{"line":45,"column":8}},{"start":{"line":45,"column":8},"end":{"line":45,"column":8}}]}},"code":["/* istanbul instrument in package npmtest_nomnom */","/*jslint","    bitwise: true,","    browser: true,","    maxerr: 8,","    maxlen: 96,","    node: true,","    nomen: true,","    regexp: true,","    stupid: true","*/","(function () {","    'use strict';","    var local;","","","","    // run shared js-env code - pre-init","    (function () {","        // init local","        local = {};","        // init modeJs","        local.modeJs = (function () {","            try {","                return typeof navigator.userAgent === 'string' &&","                    typeof document.querySelector('body') === 'object' &&","                    typeof XMLHttpRequest.prototype.open === 'function' &&","                    'browser';","            } catch (errorCaughtBrowser) {","                return module.exports &&","                    typeof process.versions.node === 'string' &&","                    typeof require('http').createServer === 'function' &&","                    'node';","            }","        }());","        // init global","        local.global = local.modeJs === 'browser'","            ? window","            : global;","        // init utility2_rollup","        local = local.global.utility2_rollup || local;","        // init lib","        local.local = local.npmtest_nomnom = local;","        // init exports","        if (local.modeJs === 'browser') {","            local.global.utility2_npmtest_nomnom = local;","        } else {","            module.exports = local;","            module.exports.__dirname = __dirname;","            module.exports.module = module;","        }","    }());","}());",""],"l":{"12":2,"14":2,"19":2,"21":2,"23":2,"24":2,"25":2,"30":1,"37":2,"41":2,"43":2,"45":2,"46":1,"48":1,"49":1,"50":1}},"/home/travis/build/npmtest/node-npmtest-nomnom/example.js":{"path":"/home/travis/build/npmtest/node-npmtest-nomnom/example.js","s":{"1":2,"2":2,"3":2,"4":2,"5":2,"6":2,"7":2,"8":1,"9":2,"10":2,"11":2,"12":2,"13":1,"14":2,"15":2,"16":2,"17":2,"18":2,"19":0,"20":2,"21":1,"22":1,"23":1,"24":1,"25":1,"26":0,"27":0,"28":1,"29":1,"30":2,"31":0,"32":0,"33":0,"34":1,"35":2,"36":2,"37":2,"38":2,"39":2,"40":2,"41":0,"42":2,"43":2,"44":2,"45":1,"46":3,"47":1,"48":1,"49":1,"50":1,"51":1,"52":1,"53":1,"54":1,"55":1,"56":1,"57":0,"58":1,"59":6,"60":6,"61":1,"62":2,"63":0,"64":2,"65":1,"66":1,"67":0,"68":0,"69":0,"70":0,"71":0,"72":0,"73":0,"74":0,"75":0,"76":0,"77":0,"78":0,"79":0,"80":0,"81":0,"82":0,"83":0},"b":{"1":[2,1,1,1],"2":[1,1,1,1],"3":[1,1],"4":[2,2],"5":[1,1],"6":[1,1],"7":[2,0],"8":[2,1,1,1,1,1],"9":[0,2,0],"10":[1,1],"11":[2,1,1],"12":[1,0],"13":[0,2],"14":[2,0,0,0,0,0,0],"15":[0,2],"16":[2,0],"17":[1,1],"18":[0,1],"19":[1,2,0,2],"20":[1,0],"21":[1,1],"22":[0,0],"23":[0,0],"24":[0,0],"25":[0,0],"26":[0,0],"27":[0,0],"28":[0,0]},"f":{"1":2,"2":2,"3":2,"4":2,"5":2,"6":2,"7":2,"8":2,"9":3,"10":1,"11":6,"12":0},"fnMap":{"1":{"name":"(anonymous_1)","line":26,"loc":{"start":{"line":26,"column":1},"end":{"line":26,"column":13}}},"2":{"name":"(anonymous_2)","line":33,"loc":{"start":{"line":33,"column":5},"end":{"line":33,"column":17}}},"3":{"name":"(anonymous_3)","line":37,"loc":{"start":{"line":37,"column":24},"end":{"line":37,"column":36}}},"4":{"name":"(anonymous_4)","line":69,"loc":{"start":{"line":69,"column":31},"end":{"line":69,"column":48}},"skip":true},"5":{"name":"(anonymous_5)","line":78,"loc":{"start":{"line":78,"column":26},"end":{"line":78,"column":45}},"skip":true},"6":{"name":"(anonymous_6)","line":123,"loc":{"start":{"line":123,"column":33},"end":{"line":123,"column":48}},"skip":true},"7":{"name":"(anonymous_7)","line":125,"loc":{"start":{"line":125,"column":27},"end":{"line":125,"column":39}},"skip":true},"8":{"name":"(anonymous_8)","line":133,"loc":{"start":{"line":133,"column":59},"end":{"line":133,"column":74}},"skip":true},"9":{"name":"(anonymous_9)","line":143,"loc":{"start":{"line":143,"column":45},"end":{"line":143,"column":62}},"skip":true},"10":{"name":"(anonymous_10)","line":144,"loc":{"start":{"line":144,"column":73},"end":{"line":144,"column":92}},"skip":true},"11":{"name":"(anonymous_11)","line":272,"loc":{"start":{"line":272,"column":51},"end":{"line":272,"column":77}},"skip":true},"12":{"name":"(anonymous_12)","line":314,"loc":{"start":{"line":314,"column":32},"end":{"line":314,"column":61}},"skip":true}},"statementMap":{"1":{"start":{"line":26,"column":0},"end":{"line":325,"column":5}},"2":{"start":{"line":28,"column":4},"end":{"line":28,"column":14}},"3":{"start":{"line":33,"column":4},"end":{"line":60,"column":9}},"4":{"start":{"line":35,"column":8},"end":{"line":35,"column":19}},"5":{"start":{"line":37,"column":8},"end":{"line":49,"column":13}},"6":{"start":{"line":38,"column":12},"end":{"line":48,"column":13}},"7":{"start":{"line":39,"column":16},"end":{"line":42,"column":30}},"8":{"start":{"line":44,"column":16},"end":{"line":47,"column":27}},"9":{"start":{"line":51,"column":8},"end":{"line":53,"column":21}},"10":{"start":{"line":55,"column":8},"end":{"line":57,"column":45}},"11":{"start":{"line":59,"column":8},"end":{"line":59,"column":35}},"12":{"start":{"line":61,"column":4},"end":{"line":324,"column":5}},"13":{"start":{"line":69,"column":8},"end":{"line":121,"column":10},"skip":true},"14":{"start":{"line":70,"column":12},"end":{"line":88,"column":13},"skip":true},"15":{"start":{"line":76,"column":16},"end":{"line":87,"column":19},"skip":true},"16":{"start":{"line":79,"column":20},"end":{"line":86,"column":21},"skip":true},"17":{"start":{"line":82,"column":24},"end":{"line":82,"column":43},"skip":true},"18":{"start":{"line":83,"column":24},"end":{"line":83,"column":30},"skip":true},"19":{"start":{"line":85,"column":24},"end":{"line":85,"column":49},"skip":true},"20":{"start":{"line":89,"column":12},"end":{"line":107,"column":13},"skip":true},"21":{"start":{"line":92,"column":16},"end":{"line":102,"column":17},"skip":true},"22":{"start":{"line":93,"column":20},"end":{"line":93,"column":86},"skip":true},"23":{"start":{"line":94,"column":20},"end":{"line":95,"column":45},"skip":true},"24":{"start":{"line":96,"column":20},"end":{"line":96,"column":42},"skip":true},"25":{"start":{"line":97,"column":20},"end":{"line":97,"column":48},"skip":true},"26":{"start":{"line":100,"column":20},"end":{"line":100,"column":85},"skip":true},"27":{"start":{"line":101,"column":20},"end":{"line":101,"column":96},"skip":true},"28":{"start":{"line":103,"column":16},"end":{"line":103,"column":22},"skip":true},"29":{"start":{"line":106,"column":16},"end":{"line":106,"column":22},"skip":true},"30":{"start":{"line":108,"column":12},"end":{"line":120,"column":13},"skip":true},"31":{"start":{"line":114,"column":16},"end":{"line":119,"column":17},"skip":true},"32":{"start":{"line":116,"column":20},"end":{"line":116,"column":78},"skip":true},"33":{"start":{"line":118,"column":20},"end":{"line":118,"column":47},"skip":true},"34":{"start":{"line":123,"column":8},"end":{"line":141,"column":11},"skip":true},"35":{"start":{"line":124,"column":12},"end":{"line":124,"column":54},"skip":true},"36":{"start":{"line":125,"column":12},"end":{"line":140,"column":14},"skip":true},"37":{"start":{"line":126,"column":16},"end":{"line":126,"column":28},"skip":true},"38":{"start":{"line":127,"column":16},"end":{"line":127,"column":69},"skip":true},"39":{"start":{"line":128,"column":16},"end":{"line":128,"column":75},"skip":true},"40":{"start":{"line":129,"column":16},"end":{"line":131,"column":17},"skip":true},"41":{"start":{"line":130,"column":20},"end":{"line":130,"column":27},"skip":true},"42":{"start":{"line":133,"column":16},"end":{"line":137,"column":36},"skip":true},"43":{"start":{"line":134,"column":20},"end":{"line":136,"column":55},"skip":true},"44":{"start":{"line":139,"column":16},"end":{"line":139,"column":57},"skip":true},"45":{"start":{"line":143,"column":8},"end":{"line":147,"column":11},"skip":true},"46":{"start":{"line":144,"column":12},"end":{"line":146,"column":15},"skip":true},"47":{"start":{"line":145,"column":16},"end":{"line":145,"column":70},"skip":true},"48":{"start":{"line":149,"column":8},"end":{"line":149,"column":31},"skip":true},"49":{"start":{"line":150,"column":8},"end":{"line":150,"column":14},"skip":true},"50":{"start":{"line":158,"column":8},"end":{"line":158,"column":31},"skip":true},"51":{"start":{"line":160,"column":8},"end":{"line":160,"column":33},"skip":true},"52":{"start":{"line":161,"column":8},"end":{"line":161,"column":37},"skip":true},"53":{"start":{"line":162,"column":8},"end":{"line":162,"column":35},"skip":true},"54":{"start":{"line":164,"column":8},"end":{"line":164,"column":50},"skip":true},"55":{"start":{"line":166,"column":8},"end":{"line":256,"column":2},"skip":true},"56":{"start":{"line":258,"column":8},"end":{"line":286,"column":9},"skip":true},"57":{"start":{"line":259,"column":12},"end":{"line":269,"column":14},"skip":true},"58":{"start":{"line":271,"column":12},"end":{"line":285,"column":19},"skip":true},"59":{"start":{"line":274,"column":20},"end":{"line":274,"column":35},"skip":true},"60":{"start":{"line":275,"column":20},"end":{"line":284,"column":21},"skip":true},"61":{"start":{"line":277,"column":24},"end":{"line":277,"column":64},"skip":true},"62":{"start":{"line":279,"column":24},"end":{"line":279,"column":40},"skip":true},"63":{"start":{"line":281,"column":24},"end":{"line":281,"column":40},"skip":true},"64":{"start":{"line":283,"column":24},"end":{"line":283,"column":39},"skip":true},"65":{"start":{"line":288,"column":8},"end":{"line":290,"column":9},"skip":true},"66":{"start":{"line":289,"column":12},"end":{"line":289,"column":18},"skip":true},"67":{"start":{"line":291,"column":8},"end":{"line":293,"column":54},"skip":true},"68":{"start":{"line":294,"column":8},"end":{"line":301,"column":37},"skip":true},"69":{"start":{"line":302,"column":8},"end":{"line":302,"column":82},"skip":true},"70":{"start":{"line":305,"column":8},"end":{"line":307,"column":9},"skip":true},"71":{"start":{"line":306,"column":12},"end":{"line":306,"column":82},"skip":true},"72":{"start":{"line":309,"column":8},"end":{"line":311,"column":9},"skip":true},"73":{"start":{"line":310,"column":12},"end":{"line":310,"column":18},"skip":true},"74":{"start":{"line":312,"column":8},"end":{"line":312,"column":54},"skip":true},"75":{"start":{"line":313,"column":8},"end":{"line":313,"column":69},"skip":true},"76":{"start":{"line":314,"column":8},"end":{"line":322,"column":36},"skip":true},"77":{"start":{"line":315,"column":12},"end":{"line":315,"column":61},"skip":true},"78":{"start":{"line":316,"column":12},"end":{"line":319,"column":13},"skip":true},"79":{"start":{"line":317,"column":16},"end":{"line":317,"column":75},"skip":true},"80":{"start":{"line":318,"column":16},"end":{"line":318,"column":23},"skip":true},"81":{"start":{"line":320,"column":12},"end":{"line":320,"column":38},"skip":true},"82":{"start":{"line":321,"column":12},"end":{"line":321,"column":27},"skip":true},"83":{"start":{"line":323,"column":8},"end":{"line":323,"column":14},"skip":true}},"branchMap":{"1":{"line":39,"type":"binary-expr","locations":[{"start":{"line":39,"column":23},"end":{"line":39,"column":62}},{"start":{"line":40,"column":20},"end":{"line":40,"column":70}},{"start":{"line":41,"column":20},"end":{"line":41,"column":71}},{"start":{"line":42,"column":20},"end":{"line":42,"column":29}}]},"2":{"line":44,"type":"binary-expr","locations":[{"start":{"line":44,"column":23},"end":{"line":44,"column":37}},{"start":{"line":45,"column":20},"end":{"line":45,"column":61}},{"start":{"line":46,"column":20},"end":{"line":46,"column":70}},{"start":{"line":47,"column":20},"end":{"line":47,"column":26}}]},"3":{"line":51,"type":"cond-expr","locations":[{"start":{"line":52,"column":14},"end":{"line":52,"column":20}},{"start":{"line":53,"column":14},"end":{"line":53,"column":20}}]},"4":{"line":55,"type":"binary-expr","locations":[{"start":{"line":55,"column":16},"end":{"line":55,"column":44}},{"start":{"line":55,"column":49},"end":{"line":57,"column":43}}]},"5":{"line":55,"type":"cond-expr","locations":[{"start":{"line":56,"column":14},"end":{"line":56,"column":50}},{"start":{"line":57,"column":14},"end":{"line":57,"column":43}}]},"6":{"line":61,"type":"switch","locations":[{"start":{"line":68,"column":4},"end":{"line":150,"column":14},"skip":true},{"start":{"line":156,"column":4},"end":{"line":323,"column":14},"skip":true}]},"7":{"line":70,"type":"if","locations":[{"start":{"line":70,"column":12},"end":{"line":70,"column":12},"skip":true},{"start":{"line":70,"column":12},"end":{"line":70,"column":12},"skip":true}]},"8":{"line":70,"type":"binary-expr","locations":[{"start":{"line":70,"column":16},"end":{"line":70,"column":22},"skip":true},{"start":{"line":70,"column":27},"end":{"line":70,"column":32},"skip":true},{"start":{"line":71,"column":20},"end":{"line":71,"column":39},"skip":true},{"start":{"line":72,"column":20},"end":{"line":72,"column":49},"skip":true},{"start":{"line":73,"column":20},"end":{"line":73,"column":58},"skip":true},{"start":{"line":74,"column":20},"end":{"line":74,"column":69},"skip":true}]},"9":{"line":79,"type":"switch","locations":[{"start":{"line":80,"column":20},"end":{"line":80,"column":33},"skip":true},{"start":{"line":81,"column":20},"end":{"line":83,"column":30},"skip":true},{"start":{"line":84,"column":20},"end":{"line":85,"column":49},"skip":true}]},"10":{"line":89,"type":"switch","locations":[{"start":{"line":90,"column":12},"end":{"line":103,"column":22},"skip":true},{"start":{"line":105,"column":12},"end":{"line":106,"column":22},"skip":true}]},"11":{"line":89,"type":"binary-expr","locations":[{"start":{"line":89,"column":20},"end":{"line":89,"column":25},"skip":true},{"start":{"line":89,"column":29},"end":{"line":89,"column":48},"skip":true},{"start":{"line":89,"column":52},"end":{"line":89,"column":74},"skip":true}]},"12":{"line":92,"type":"if","locations":[{"start":{"line":92,"column":16},"end":{"line":92,"column":16},"skip":true},{"start":{"line":92,"column":16},"end":{"line":92,"column":16},"skip":true}]},"13":{"line":108,"type":"if","locations":[{"start":{"line":108,"column":12},"end":{"line":108,"column":12},"skip":true},{"start":{"line":108,"column":12},"end":{"line":108,"column":12},"skip":true}]},"14":{"line":108,"type":"binary-expr","locations":[{"start":{"line":108,"column":16},"end":{"line":108,"column":61},"skip":true},{"start":{"line":108,"column":66},"end":{"line":108,"column":72},"skip":true},{"start":{"line":108,"column":77},"end":{"line":108,"column":82},"skip":true},{"start":{"line":109,"column":20},"end":{"line":109,"column":39},"skip":true},{"start":{"line":110,"column":20},"end":{"line":110,"column":49},"skip":true},{"start":{"line":111,"column":20},"end":{"line":111,"column":58},"skip":true},{"start":{"line":112,"column":20},"end":{"line":112,"column":68},"skip":true}]},"15":{"line":129,"type":"if","locations":[{"start":{"line":129,"column":16},"end":{"line":129,"column":16},"skip":true},{"start":{"line":129,"column":16},"end":{"line":129,"column":16},"skip":true}]},"16":{"line":134,"type":"cond-expr","locations":[{"start":{"line":135,"column":26},"end":{"line":135,"column":29},"skip":true},{"start":{"line":136,"column":26},"end":{"line":136,"column":54},"skip":true}]},"17":{"line":164,"type":"binary-expr","locations":[{"start":{"line":164,"column":27},"end":{"line":164,"column":43},"skip":true},{"start":{"line":164,"column":47},"end":{"line":164,"column":49},"skip":true}]},"18":{"line":258,"type":"if","locations":[{"start":{"line":258,"column":8},"end":{"line":258,"column":8},"skip":true},{"start":{"line":258,"column":8},"end":{"line":258,"column":8},"skip":true}]},"19":{"line":275,"type":"switch","locations":[{"start":{"line":276,"column":20},"end":{"line":277,"column":64},"skip":true},{"start":{"line":278,"column":20},"end":{"line":279,"column":40},"skip":true},{"start":{"line":280,"column":20},"end":{"line":281,"column":40},"skip":true},{"start":{"line":282,"column":20},"end":{"line":283,"column":39},"skip":true}]},"20":{"line":288,"type":"if","locations":[{"start":{"line":288,"column":8},"end":{"line":288,"column":8},"skip":true},{"start":{"line":288,"column":8},"end":{"line":288,"column":8},"skip":true}]},"21":{"line":288,"type":"binary-expr","locations":[{"start":{"line":288,"column":12},"end":{"line":288,"column":40},"skip":true},{"start":{"line":288,"column":44},"end":{"line":288,"column":67},"skip":true}]},"22":{"line":292,"type":"binary-expr","locations":[{"start":{"line":292,"column":12},"end":{"line":292,"column":50},"skip":true},{"start":{"line":293,"column":12},"end":{"line":293,"column":53},"skip":true}]},"23":{"line":295,"type":"binary-expr","locations":[{"start":{"line":295,"column":12},"end":{"line":295,"column":64},"skip":true},{"start":{"line":296,"column":12},"end":{"line":301,"column":36},"skip":true}]},"24":{"line":302,"type":"binary-expr","locations":[{"start":{"line":302,"column":43},"end":{"line":302,"column":75},"skip":true},{"start":{"line":302,"column":79},"end":{"line":302,"column":81},"skip":true}]},"25":{"line":305,"type":"if","locations":[{"start":{"line":305,"column":8},"end":{"line":305,"column":8},"skip":true},{"start":{"line":305,"column":8},"end":{"line":305,"column":8},"skip":true}]},"26":{"line":309,"type":"if","locations":[{"start":{"line":309,"column":8},"end":{"line":309,"column":8},"skip":true},{"start":{"line":309,"column":8},"end":{"line":309,"column":8},"skip":true}]},"27":{"line":312,"type":"binary-expr","locations":[{"start":{"line":312,"column":27},"end":{"line":312,"column":43},"skip":true},{"start":{"line":312,"column":47},"end":{"line":312,"column":53},"skip":true}]},"28":{"line":316,"type":"if","locations":[{"start":{"line":316,"column":12},"end":{"line":316,"column":12},"skip":true},{"start":{"line":316,"column":12},"end":{"line":316,"column":12},"skip":true}]}},"code":["/*","example.js","","quickstart example","","instruction","    1. save this script as example.js","    2. run the shell command:","        $ npm install npmtest-nomnom && PORT=8081 node example.js","    3. play with the browser-demo on http://127.0.0.1:8081","*/","","","","/* istanbul instrument in package npmtest_nomnom */","/*jslint","    bitwise: true,","    browser: true,","    maxerr: 8,","    maxlen: 96,","    node: true,","    nomen: true,","    regexp: true,","    stupid: true","*/","(function () {","    'use strict';","    var local;","","","","    // run shared js-env code - pre-init","    (function () {","        // init local","        local = {};","        // init modeJs","        local.modeJs = (function () {","            try {","                return typeof navigator.userAgent === 'string' &&","                    typeof document.querySelector('body') === 'object' &&","                    typeof XMLHttpRequest.prototype.open === 'function' &&","                    'browser';","            } catch (errorCaughtBrowser) {","                return module.exports &&","                    typeof process.versions.node === 'string' &&","                    typeof require('http').createServer === 'function' &&","                    'node';","            }","        }());","        // init global","        local.global = local.modeJs === 'browser'","            ? window","            : global;","        // init utility2_rollup","        local = local.global.utility2_rollup || (local.modeJs === 'browser'","            ? local.global.utility2_npmtest_nomnom","            : global.utility2_moduleExports);","        // export local","        local.global.local = local;","    }());","    switch (local.modeJs) {","","","","    // post-init","    // run browser js-env code - post-init","    /* istanbul ignore next */","    case 'browser':","        local.testRunBrowser = function (event) {","            if (!event || (event &&","                    event.currentTarget &&","                    event.currentTarget.className &&","                    event.currentTarget.className.includes &&","                    event.currentTarget.className.includes('onreset'))) {","                // reset output","                Array.from(","                    document.querySelectorAll('body > .resettable')","                ).forEach(function (element) {","                    switch (element.tagName) {","                    case 'INPUT':","                    case 'TEXTAREA':","                        element.value = '';","                        break;","                    default:","                        element.textContent = '';","                    }","                });","            }","            switch (event && event.currentTarget && event.currentTarget.id) {","            case 'testRunButton1':","                // show tests","                if (document.querySelector('#testReportDiv1').style.display === 'none') {","                    document.querySelector('#testReportDiv1').style.display = 'block';","                    document.querySelector('#testRunButton1').textContent =","                        'hide internal test';","                    local.modeTest = true;","                    local.testRunDefault(local);","                // hide tests","                } else {","                    document.querySelector('#testReportDiv1').style.display = 'none';","                    document.querySelector('#testRunButton1').textContent = 'run internal test';","                }","                break;","            // custom-case","            default:","                break;","            }","            if (document.querySelector('#inputTextareaEval1') && (!event || (event &&","                    event.currentTarget &&","                    event.currentTarget.className &&","                    event.currentTarget.className.includes &&","                    event.currentTarget.className.includes('oneval')))) {","                // try to eval input-code","                try {","                    /*jslint evil: true*/","                    eval(document.querySelector('#inputTextareaEval1').value);","                } catch (errorCaught) {","                    console.error(errorCaught);","                }","            }","        };","        // log stderr and stdout to #outputTextareaStdout1","        ['error', 'log'].forEach(function (key) {","            console[key + '_original'] = console[key];","            console[key] = function () {","                var element;","                console[key + '_original'].apply(console, arguments);","                element = document.querySelector('#outputTextareaStdout1');","                if (!element) {","                    return;","                }","                // append text to #outputTextareaStdout1","                element.value += Array.from(arguments).map(function (arg) {","                    return typeof arg === 'string'","                        ? arg","                        : JSON.stringify(arg, null, 4);","                }).join(' ') + '\\n';","                // scroll textarea to bottom","                element.scrollTop = element.scrollHeight;","            };","        });","        // init event-handling","        ['change', 'click', 'keyup'].forEach(function (event) {","            Array.from(document.querySelectorAll('.on' + event)).forEach(function (element) {","                element.addEventListener(event, local.testRunBrowser);","            });","        });","        // run tests","        local.testRunBrowser();","        break;","","","","    // run node js-env code - post-init","    /* istanbul ignore next */","    case 'node':","        // export local","        module.exports = local;","        // require modules","        local.fs = require('fs');","        local.http = require('http');","        local.url = require('url');","        // init assets","        local.assetsDict = local.assetsDict || {};","        /* jslint-ignore-begin */","        local.assetsDict['/assets.index.template.html'] = '\\","<!doctype html>\\n\\","<html lang=\"en\">\\n\\","<head>\\n\\","<meta charset=\"UTF-8\">\\n\\","<meta name=\"viewport\" content=\"width=device-width, initial-scale=1\">\\n\\","<title>{{env.npm_package_name}} (v{{env.npm_package_version}})</title>\\n\\","<style>\\n\\","/*csslint\\n\\","    box-sizing: false,\\n\\","    universal-selector: false\\n\\","*/\\n\\","* {\\n\\","    box-sizing: border-box;\\n\\","}\\n\\","body {\\n\\","    background: #dde;\\n\\","    font-family: Arial, Helvetica, sans-serif;\\n\\","    margin: 2rem;\\n\\","}\\n\\","body > * {\\n\\","    margin-bottom: 1rem;\\n\\","}\\n\\",".utility2FooterDiv {\\n\\","    margin-top: 20px;\\n\\","    text-align: center;\\n\\","}\\n\\","</style>\\n\\","<style>\\n\\","/*csslint\\n\\","*/\\n\\","textarea {\\n\\","    font-family: monospace;\\n\\","    height: 10rem;\\n\\","    width: 100%;\\n\\","}\\n\\","textarea[readonly] {\\n\\","    background: #ddd;\\n\\","}\\n\\","</style>\\n\\","</head>\\n\\","<body>\\n\\","<!-- utility2-comment\\n\\","<div id=\"ajaxProgressDiv1\" style=\"background: #d00; height: 2px; left: 0; margin: 0; padding: 0; position: fixed; top: 0; transition: background 0.5s, width 1.5s; width: 25%;\"></div>\\n\\","utility2-comment -->\\n\\","<h1>\\n\\","<!-- utility2-comment\\n\\","    <a\\n\\","        {{#if env.npm_package_homepage}}\\n\\","        href=\"{{env.npm_package_homepage}}\"\\n\\","        {{/if env.npm_package_homepage}}\\n\\","        target=\"_blank\"\\n\\","    >\\n\\","utility2-comment -->\\n\\","        {{env.npm_package_name}} (v{{env.npm_package_version}})\\n\\","<!-- utility2-comment\\n\\","    </a>\\n\\","utility2-comment -->\\n\\","</h1>\\n\\","<h3>{{env.npm_package_description}}</h3>\\n\\","<!-- utility2-comment\\n\\","<h4><a download href=\"assets.app.js\">download standalone app</a></h4>\\n\\","<button class=\"onclick onreset\" id=\"testRunButton1\">run internal test</button><br>\\n\\","<div id=\"testReportDiv1\" style=\"display: none;\"></div>\\n\\","utility2-comment -->\\n\\","\\n\\","\\n\\","\\n\\","<label>stderr and stdout</label>\\n\\","<textarea class=\"resettable\" id=\"outputTextareaStdout1\" readonly></textarea>\\n\\","<!-- utility2-comment\\n\\","{{#if isRollup}}\\n\\","<script src=\"assets.app.js\"></script>\\n\\","{{#unless isRollup}}\\n\\","utility2-comment -->\\n\\","<script src=\"assets.utility2.rollup.js\"></script>\\n\\","<script src=\"jsonp.utility2._stateInit?callback=window.utility2._stateInit\"></script>\\n\\","<script src=\"assets.npmtest_nomnom.rollup.js\"></script>\\n\\","<script src=\"assets.example.js\"></script>\\n\\","<script src=\"assets.test.js\"></script>\\n\\","<!-- utility2-comment\\n\\","{{/if isRollup}}\\n\\","utility2-comment -->\\n\\","<div class=\"utility2FooterDiv\">\\n\\","    [ this app was created with\\n\\","    <a href=\"https://github.com/kaizhu256/node-utility2\" target=\"_blank\">utility2</a>\\n\\","    ]\\n\\","</div>\\n\\","</body>\\n\\","</html>\\n\\","';","        /* jslint-ignore-end */","        if (local.templateRender) {","            local.assetsDict['/'] = local.templateRender(","                local.assetsDict['/assets.index.template.html'],","                {","                    env: local.objectSetDefault(local.env, {","                        npm_package_description: 'the greatest app in the world!',","                        npm_package_name: 'my-app',","                        npm_package_nameAlias: 'my_app',","                        npm_package_version: '0.0.1'","                    })","                }","            );","        } else {","            local.assetsDict['/'] = local.assetsDict['/assets.index.template.html']","                .replace((/\\{\\{env\\.(\\w+?)\\}\\}/g), function (match0, match1) {","                    // jslint-hack","                    String(match0);","                    switch (match1) {","                    case 'npm_package_description':","                        return 'the greatest app in the world!';","                    case 'npm_package_name':","                        return 'my-app';","                    case 'npm_package_nameAlias':","                        return 'my_app';","                    case 'npm_package_version':","                        return '0.0.1';","                    }","                });","        }","        // run the cli","        if (local.global.utility2_rollup || module !== require.main) {","            break;","        }","        local.assetsDict['/assets.example.js'] =","            local.assetsDict['/assets.example.js'] ||","            local.fs.readFileSync(__filename, 'utf8');","        local.assetsDict['/assets.npmtest_nomnom.rollup.js'] =","            local.assetsDict['/assets.npmtest_nomnom.rollup.js'] ||","            local.fs.readFileSync(","                // buildCustomOrg-hack","                local.npmtest_nomnom.__dirname +","                    '/lib.npmtest_nomnom.js',","                'utf8'","            ).replace((/^#!/), '//');","        local.assetsDict['/favicon.ico'] = local.assetsDict['/favicon.ico'] || '';","        // if $npm_config_timeout_exit exists,","        // then exit this process after $npm_config_timeout_exit ms","        if (Number(process.env.npm_config_timeout_exit)) {","            setTimeout(process.exit, Number(process.env.npm_config_timeout_exit));","        }","        // start server","        if (local.global.utility2_serverHttp1) {","            break;","        }","        process.env.PORT = process.env.PORT || '8081';","        console.error('server starting on port ' + process.env.PORT);","        local.http.createServer(function (request, response) {","            request.urlParsed = local.url.parse(request.url);","            if (local.assetsDict[request.urlParsed.pathname] !== undefined) {","                response.end(local.assetsDict[request.urlParsed.pathname]);","                return;","            }","            response.statusCode = 404;","            response.end();","        }).listen(process.env.PORT);","        break;","    }","}());",""],"l":{"26":2,"28":2,"33":2,"35":2,"37":2,"38":2,"39":2,"44":1,"51":2,"55":2,"59":2,"61":2,"69":1,"70":2,"76":2,"79":2,"82":2,"83":2,"85":1,"89":2,"92":1,"93":1,"94":1,"96":1,"97":1,"100":1,"101":1,"103":1,"106":1,"108":2,"114":1,"116":1,"118":1,"123":1,"124":2,"125":2,"126":2,"127":2,"128":2,"129":2,"130":1,"133":2,"134":2,"139":2,"143":1,"144":3,"145":1,"149":1,"150":1,"158":1,"160":1,"161":1,"162":1,"164":1,"166":1,"258":1,"259":1,"271":1,"274":6,"275":6,"277":1,"279":2,"281":1,"283":2,"288":1,"289":1,"291":1,"294":1,"302":1,"305":1,"306":1,"309":1,"310":1,"312":1,"313":1,"314":1,"315":1,"316":1,"317":1,"318":1,"320":1,"321":1,"323":1}},"/home/travis/build/npmtest/node-npmtest-nomnom/node_modules/nomnom/nomnom.js":{"path":"/home/travis/build/npmtest/node-npmtest-nomnom/node_modules/nomnom/nomnom.js","s":{"1":1,"2":1,"3":1,"4":1,"5":1,"6":0,"7":0,"8":0,"9":0,"10":0,"11":0,"12":0,"13":0,"14":0,"15":0,"16":0,"17":0,"18":0,"19":0,"20":0,"21":0,"22":0,"23":0,"24":0,"25":0,"26":0,"27":0,"28":0,"29":0,"30":0,"31":0,"32":0,"33":0,"34":0,"35":0,"36":0,"37":0,"38":0,"39":0,"40":0,"41":0,"42":0,"43":0,"44":0,"45":0,"46":0,"47":0,"48":0,"49":0,"50":0,"51":0,"52":0,"53":0,"54":0,"55":0,"56":0,"57":0,"58":0,"59":0,"60":0,"61":0,"62":0,"63":0,"64":0,"65":0,"66":0,"67":0,"68":0,"69":0,"70":0,"71":0,"72":0,"73":0,"74":0,"75":0,"76":0,"77":0,"78":0,"79":0,"80":0,"81":0,"82":0,"83":0,"84":0,"85":0,"86":0,"87":0,"88":0,"89":0,"90":0,"91":0,"92":0,"93":0,"94":0,"95":0,"96":0,"97":0,"98":0,"99":0,"100":0,"101":0,"102":0,"103":0,"104":0,"105":0,"106":0,"107":0,"108":0,"109":0,"110":0,"111":0,"112":0,"113":0,"114":0,"115":0,"116":0,"117":0,"118":0,"119":0,"120":0,"121":0,"122":0,"123":0,"124":0,"125":0,"126":0,"127":0,"128":0,"129":0,"130":0,"131":0,"132":0,"133":0,"134":0,"135":0,"136":0,"137":0,"138":0,"139":0,"140":0,"141":0,"142":0,"143":0,"144":0,"145":0,"146":0,"147":0,"148":0,"149":0,"150":0,"151":0,"152":0,"153":0,"154":0,"155":0,"156":0,"157":0,"158":0,"159":0,"160":0,"161":0,"162":0,"163":0,"164":0,"165":0,"166":0,"167":1,"168":0,"169":0,"170":0,"171":0,"172":0,"173":0,"174":0,"175":0,"176":0,"177":0,"178":0,"179":0,"180":0,"181":0,"182":0,"183":0,"184":0,"185":0,"186":0,"187":0,"188":0,"189":0,"190":0,"191":0,"192":0,"193":0,"194":0,"195":0,"196":0,"197":0,"198":0,"199":0,"200":1,"201":0,"202":0,"203":0,"204":0,"205":0,"206":1,"207":0,"208":0,"209":0,"210":0,"211":0,"212":0,"213":0,"214":0,"215":0,"216":0,"217":0,"218":0,"219":0,"220":0,"221":0,"222":0,"223":0,"224":0,"225":1,"226":0,"227":0,"228":0,"229":0,"230":0,"231":0,"232":0,"233":0,"234":0,"235":0,"236":1,"237":0,"238":0,"239":0,"240":0,"241":0,"242":0,"243":0,"244":0,"245":0,"246":0,"247":0,"248":0,"249":0,"250":0,"251":0,"252":0,"253":0,"254":0,"255":0,"256":0,"257":0,"258":0,"259":0,"260":0,"261":0,"262":0,"263":0,"264":1,"265":1,"266":1,"267":1,"268":21,"269":19,"270":1},"b":{"1":[0,0],"2":[0,0],"3":[0,0],"4":[0,0],"5":[0,0],"6":[0,0],"7":[0,0],"8":[0,0],"9":[0,0],"10":[0,0],"11":[0,0],"12":[0,0],"13":[0,0],"14":[0,0],"15":[0,0],"16":[0,0],"17":[0,0],"18":[0,0],"19":[0,0],"20":[0,0],"21":[0,0],"22":[0,0],"23":[0,0],"24":[0,0],"25":[0,0],"26":[0,0],"27":[0,0],"28":[0,0],"29":[0,0],"30":[0,0],"31":[0,0],"32":[0,0],"33":[0,0],"34":[0,0],"35":[0,0],"36":[0,0],"37":[0,0],"38":[0,0],"39":[0,0],"40":[0,0],"41":[0,0],"42":[0,0],"43":[0,0],"44":[0,0],"45":[0,0],"46":[0,0],"47":[0,0],"48":[0,0],"49":[0,0],"50":[0,0],"51":[0,0],"52":[0,0],"53":[0,0],"54":[0,0],"55":[0,0],"56":[0,0],"57":[0,0],"58":[0,0],"59":[0,0],"60":[0,0],"61":[0,0],"62":[0,0],"63":[0,0],"64":[0,0],"65":[0,0],"66":[0,0],"67":[0,0],"68":[0,0],"69":[0,0],"70":[0,0],"71":[0,0],"72":[0,0],"73":[0,0],"74":[0,0],"75":[0,0],"76":[0,0],"77":[0,0],"78":[0,0],"79":[0,0],"80":[0,0],"81":[0,0,0],"82":[0,0],"83":[0,0],"84":[0,0],"85":[0,0],"86":[0,0],"87":[0,0],"88":[0,0],"89":[0,0],"90":[0,0],"91":[0,0],"92":[0,0],"93":[0,0],"94":[0,0],"95":[0,0],"96":[0,0],"97":[0,0],"98":[0,0],"99":[0,0,0],"100":[0,0,0,0,0,0],"101":[19,2]},"f":{"1":1,"2":0,"3":0,"4":0,"5":0,"6":0,"7":0,"8":0,"9":0,"10":0,"11":0,"12":0,"13":0,"14":0,"15":0,"16":0,"17":0,"18":0,"19":0,"20":0,"21":0,"22":0,"23":0,"24":0,"25":0,"26":0,"27":0,"28":0,"29":0,"30":0,"31":0,"32":0,"33":0,"34":0,"35":0,"36":0,"37":0,"38":0,"39":0,"40":0,"41":0,"42":0,"43":0,"44":0,"45":0,"46":0,"47":0,"48":0,"49":0,"50":0,"51":0,"52":0,"53":0,"54":1},"fnMap":{"1":{"name":"ArgParser","line":4,"loc":{"start":{"line":4,"column":0},"end":{"line":4,"column":21}}},"2":{"name":"(anonymous_2)","line":11,"loc":{"start":{"line":11,"column":12},"end":{"line":11,"column":27}}},"3":{"name":"(anonymous_3)","line":27,"loc":{"start":{"line":27,"column":16},"end":{"line":27,"column":32}}},"4":{"name":"(anonymous_4)","line":31,"loc":{"start":{"line":31,"column":13},"end":{"line":31,"column":29}}},"5":{"name":"(anonymous_5)","line":35,"loc":{"start":{"line":35,"column":15},"end":{"line":35,"column":36}}},"6":{"name":"(anonymous_6)","line":39,"loc":{"start":{"line":39,"column":17},"end":{"line":39,"column":30}}},"7":{"name":"(anonymous_7)","line":43,"loc":{"start":{"line":43,"column":13},"end":{"line":43,"column":28}}},"8":{"name":"(anonymous_8)","line":47,"loc":{"start":{"line":47,"column":14},"end":{"line":47,"column":30}}},"9":{"name":"(anonymous_9)","line":55,"loc":{"start":{"line":55,"column":14},"end":{"line":55,"column":25}}},"10":{"name":"(anonymous_10)","line":59,"loc":{"start":{"line":59,"column":12},"end":{"line":59,"column":28}}},"11":{"name":"(anonymous_11)","line":64,"loc":{"start":{"line":64,"column":9},"end":{"line":64,"column":25}}},"12":{"name":"(anonymous_12)","line":69,"loc":{"start":{"line":69,"column":15},"end":{"line":69,"column":31}}},"13":{"name":"(anonymous_13)","line":74,"loc":{"start":{"line":74,"column":11},"end":{"line":74,"column":32}}},"14":{"name":"(anonymous_14)","line":79,"loc":{"start":{"line":79,"column":10},"end":{"line":79,"column":26}}},"15":{"name":"(anonymous_15)","line":84,"loc":{"start":{"line":84,"column":12},"end":{"line":84,"column":28}}},"16":{"name":"(anonymous_16)","line":89,"loc":{"start":{"line":89,"column":11},"end":{"line":89,"column":28}}},"17":{"name":"(anonymous_17)","line":94,"loc":{"start":{"line":94,"column":15},"end":{"line":94,"column":32}}},"18":{"name":"(anonymous_18)","line":99,"loc":{"start":{"line":99,"column":9},"end":{"line":99,"column":24}}},"19":{"name":"(anonymous_19)","line":104,"loc":{"start":{"line":104,"column":10},"end":{"line":104,"column":21}}},"20":{"name":"(anonymous_20)","line":109,"loc":{"start":{"line":109,"column":13},"end":{"line":109,"column":24}}},"21":{"name":"(anonymous_21)","line":114,"loc":{"start":{"line":114,"column":14},"end":{"line":114,"column":29}}},"22":{"name":"(anonymous_22)","line":119,"loc":{"start":{"line":119,"column":8},"end":{"line":119,"column":23}}},"23":{"name":"(anonymous_23)","line":123,"loc":{"start":{"line":123,"column":10},"end":{"line":123,"column":25}}},"24":{"name":"(anonymous_24)","line":124,"loc":{"start":{"line":124,"column":31},"end":{"line":124,"column":51}}},"25":{"name":"(anonymous_25)","line":154,"loc":{"start":{"line":154,"column":19},"end":{"line":154,"column":30}}},"26":{"name":"(anonymous_26)","line":157,"loc":{"start":{"line":157,"column":24},"end":{"line":157,"column":35}}},"27":{"name":"(anonymous_27)","line":159,"loc":{"start":{"line":159,"column":51},"end":{"line":159,"column":66}}},"28":{"name":"(anonymous_28)","line":164,"loc":{"start":{"line":164,"column":49},"end":{"line":164,"column":69}}},"29":{"name":"(anonymous_29)","line":179,"loc":{"start":{"line":179,"column":39},"end":{"line":179,"column":54}}},"30":{"name":"(anonymous_30)","line":200,"loc":{"start":{"line":200,"column":37},"end":{"line":200,"column":57}}},"31":{"name":"(anonymous_31)","line":205,"loc":{"start":{"line":205,"column":32},"end":{"line":205,"column":46}}},"32":{"name":"(anonymous_32)","line":214,"loc":{"start":{"line":214,"column":24},"end":{"line":214,"column":38}}},"33":{"name":"(anonymous_33)","line":223,"loc":{"start":{"line":223,"column":16},"end":{"line":223,"column":35}}},"34":{"name":"(anonymous_34)","line":232,"loc":{"start":{"line":232,"column":28},"end":{"line":232,"column":41}}},"35":{"name":"(anonymous_35)","line":279,"loc":{"start":{"line":279,"column":24},"end":{"line":279,"column":45}}},"36":{"name":"(anonymous_36)","line":285,"loc":{"start":{"line":285,"column":23},"end":{"line":285,"column":37}}},"37":{"name":"(anonymous_37)","line":292,"loc":{"start":{"line":292,"column":23},"end":{"line":292,"column":37}}},"38":{"name":"(anonymous_38)","line":311,"loc":{"start":{"line":311,"column":13},"end":{"line":311,"column":24}}},"39":{"name":"(anonymous_39)","line":332,"loc":{"start":{"line":332,"column":43},"end":{"line":332,"column":57}}},"40":{"name":"(anonymous_40)","line":335,"loc":{"start":{"line":335,"column":40},"end":{"line":335,"column":54}}},"41":{"name":"(anonymous_41)","line":338,"loc":{"start":{"line":338,"column":39},"end":{"line":338,"column":53}}},"42":{"name":"(anonymous_42)","line":343,"loc":{"start":{"line":343,"column":24},"end":{"line":343,"column":38}}},"43":{"name":"spaces","line":374,"loc":{"start":{"line":374,"column":4},"end":{"line":374,"column":28}}},"44":{"name":"(anonymous_44)","line":381,"loc":{"start":{"line":381,"column":37},"end":{"line":381,"column":56}}},"45":{"name":"(anonymous_45)","line":385,"loc":{"start":{"line":385,"column":24},"end":{"line":385,"column":38}}},"46":{"name":"(anonymous_46)","line":409,"loc":{"start":{"line":409,"column":35},"end":{"line":409,"column":54}}},"47":{"name":"(anonymous_47)","line":413,"loc":{"start":{"line":413,"column":22},"end":{"line":413,"column":36}}},"48":{"name":"(anonymous_48)","line":433,"loc":{"start":{"line":433,"column":26},"end":{"line":433,"column":40}}},"49":{"name":"(anonymous_49)","line":436,"loc":{"start":{"line":436,"column":21},"end":{"line":436,"column":35}}},"50":{"name":"(anonymous_50)","line":444,"loc":{"start":{"line":444,"column":32},"end":{"line":444,"column":62}}},"51":{"name":"(anonymous_51)","line":487,"loc":{"start":{"line":487,"column":10},"end":{"line":487,"column":24}}},"52":{"name":"(anonymous_52)","line":518,"loc":{"start":{"line":518,"column":10},"end":{"line":518,"column":24}}},"53":{"name":"(anonymous_53)","line":563,"loc":{"start":{"line":563,"column":13},"end":{"line":563,"column":27}}},"54":{"name":"(anonymous_54)","line":572,"loc":{"start":{"line":572,"column":19},"end":{"line":572,"column":30}}}},"statementMap":{"1":{"start":{"line":1,"column":0},"end":{"line":1,"column":56}},"2":{"start":{"line":4,"column":0},"end":{"line":7,"column":1}},"3":{"start":{"line":5,"column":3},"end":{"line":5,"column":22}},"4":{"start":{"line":6,"column":3},"end":{"line":6,"column":19}},"5":{"start":{"line":9,"column":0},"end":{"line":431,"column":2}},"6":{"start":{"line":12,"column":4},"end":{"line":12,"column":16}},"7":{"start":{"line":13,"column":4},"end":{"line":23,"column":5}},"8":{"start":{"line":14,"column":6},"end":{"line":17,"column":8}},"9":{"start":{"line":20,"column":6},"end":{"line":22,"column":8}},"10":{"start":{"line":26,"column":4},"end":{"line":51,"column":6}},"11":{"start":{"line":28,"column":8},"end":{"line":28,"column":30}},"12":{"start":{"line":29,"column":8},"end":{"line":29,"column":21}},"13":{"start":{"line":33,"column":8},"end":{"line":33,"column":35}},"14":{"start":{"line":36,"column":8},"end":{"line":36,"column":35}},"15":{"start":{"line":37,"column":8},"end":{"line":37,"column":21}},"16":{"start":{"line":40,"column":8},"end":{"line":40,"column":24}},"17":{"start":{"line":41,"column":8},"end":{"line":41,"column":21}},"18":{"start":{"line":44,"column":8},"end":{"line":44,"column":28}},"19":{"start":{"line":45,"column":8},"end":{"line":45,"column":21}},"20":{"start":{"line":48,"column":8},"end":{"line":48,"column":31}},"21":{"start":{"line":49,"column":8},"end":{"line":49,"column":21}},"22":{"start":{"line":52,"column":4},"end":{"line":52,"column":17}},"23":{"start":{"line":56,"column":4},"end":{"line":56,"column":26}},"24":{"start":{"line":60,"column":4},"end":{"line":60,"column":23}},"25":{"start":{"line":61,"column":4},"end":{"line":61,"column":16}},"26":{"start":{"line":66,"column":4},"end":{"line":66,"column":31}},"27":{"start":{"line":71,"column":4},"end":{"line":71,"column":31}},"28":{"start":{"line":75,"column":4},"end":{"line":75,"column":28}},"29":{"start":{"line":76,"column":4},"end":{"line":76,"column":16}},"30":{"start":{"line":80,"column":4},"end":{"line":80,"column":24}},"31":{"start":{"line":81,"column":4},"end":{"line":81,"column":16}},"32":{"start":{"line":85,"column":4},"end":{"line":85,"column":23}},"33":{"start":{"line":86,"column":4},"end":{"line":86,"column":16}},"34":{"start":{"line":90,"column":4},"end":{"line":90,"column":26}},"35":{"start":{"line":91,"column":4},"end":{"line":91,"column":16}},"36":{"start":{"line":96,"column":4},"end":{"line":96,"column":31}},"37":{"start":{"line":100,"column":4},"end":{"line":100,"column":22}},"38":{"start":{"line":101,"column":4},"end":{"line":101,"column":16}},"39":{"start":{"line":106,"column":4},"end":{"line":106,"column":16}},"40":{"start":{"line":110,"column":4},"end":{"line":110,"column":26}},"41":{"start":{"line":111,"column":4},"end":{"line":111,"column":16}},"42":{"start":{"line":116,"column":4},"end":{"line":116,"column":28}},"43":{"start":{"line":120,"column":4},"end":{"line":120,"column":28}},"44":{"start":{"line":124,"column":4},"end":{"line":127,"column":6}},"45":{"start":{"line":125,"column":6},"end":{"line":125,"column":23}},"46":{"start":{"line":126,"column":6},"end":{"line":126,"column":30}},"47":{"start":{"line":128,"column":4},"end":{"line":128,"column":34}},"48":{"start":{"line":129,"column":4},"end":{"line":130,"column":54}},"49":{"start":{"line":131,"column":4},"end":{"line":131,"column":34}},"50":{"start":{"line":133,"column":4},"end":{"line":133,"column":45}},"51":{"start":{"line":135,"column":4},"end":{"line":137,"column":54}},"52":{"start":{"line":139,"column":4},"end":{"line":196,"column":5}},"53":{"start":{"line":140,"column":7},"end":{"line":195,"column":8}},"54":{"start":{"line":141,"column":10},"end":{"line":141,"column":46}},"55":{"start":{"line":142,"column":10},"end":{"line":142,"column":45}},"56":{"start":{"line":143,"column":10},"end":{"line":145,"column":11}},"57":{"start":{"line":144,"column":12},"end":{"line":144,"column":38}},"58":{"start":{"line":146,"column":10},"end":{"line":146,"column":33}},"59":{"start":{"line":148,"column":12},"end":{"line":195,"column":8}},"60":{"start":{"line":149,"column":10},"end":{"line":149,"column":81}},"61":{"start":{"line":153,"column":10},"end":{"line":171,"column":12}},"62":{"start":{"line":155,"column":15},"end":{"line":155,"column":70}},"63":{"start":{"line":159,"column":14},"end":{"line":161,"column":29}},"64":{"start":{"line":160,"column":16},"end":{"line":160,"column":39}},"65":{"start":{"line":164,"column":14},"end":{"line":168,"column":17}},"66":{"start":{"line":165,"column":16},"end":{"line":165,"column":51}},"67":{"start":{"line":166,"column":16},"end":{"line":166,"column":56}},"68":{"start":{"line":167,"column":16},"end":{"line":167,"column":64}},"69":{"start":{"line":169,"column":14},"end":{"line":169,"column":47}},"70":{"start":{"line":177,"column":10},"end":{"line":177,"column":32}},"71":{"start":{"line":178,"column":10},"end":{"line":182,"column":11}},"72":{"start":{"line":179,"column":12},"end":{"line":181,"column":13}},"73":{"start":{"line":179,"column":56},"end":{"line":179,"column":72}},"74":{"start":{"line":180,"column":16},"end":{"line":180,"column":39}},"75":{"start":{"line":184,"column":10},"end":{"line":187,"column":11}},"76":{"start":{"line":189,"column":10},"end":{"line":194,"column":11}},"77":{"start":{"line":190,"column":12},"end":{"line":190,"column":54}},"78":{"start":{"line":191,"column":12},"end":{"line":191,"column":44}},"79":{"start":{"line":193,"column":12},"end":{"line":193,"column":47}},"80":{"start":{"line":198,"column":4},"end":{"line":204,"column":5}},"81":{"start":{"line":200,"column":6},"end":{"line":203,"column":9}},"82":{"start":{"line":201,"column":8},"end":{"line":201,"column":24}},"83":{"start":{"line":202,"column":8},"end":{"line":202,"column":19}},"84":{"start":{"line":205,"column":4},"end":{"line":207,"column":7}},"85":{"start":{"line":206,"column":6},"end":{"line":206,"column":22}},"86":{"start":{"line":209,"column":4},"end":{"line":211,"column":5}},"87":{"start":{"line":210,"column":6},"end":{"line":210,"column":41}},"88":{"start":{"line":213,"column":4},"end":{"line":213,"column":21}},"89":{"start":{"line":214,"column":4},"end":{"line":217,"column":19}},"90":{"start":{"line":215,"column":6},"end":{"line":215,"column":22}},"91":{"start":{"line":219,"column":4},"end":{"line":219,"column":25}},"92":{"start":{"line":222,"column":4},"end":{"line":222,"column":20}},"93":{"start":{"line":223,"column":4},"end":{"line":277,"column":7}},"94":{"start":{"line":225,"column":6},"end":{"line":275,"column":7}},"95":{"start":{"line":226,"column":8},"end":{"line":226,"column":36}},"96":{"start":{"line":228,"column":11},"end":{"line":275,"column":7}},"97":{"start":{"line":229,"column":8},"end":{"line":229,"column":35}},"98":{"start":{"line":232,"column":8},"end":{"line":234,"column":11}},"99":{"start":{"line":233,"column":10},"end":{"line":233,"column":44}},"100":{"start":{"line":237,"column":8},"end":{"line":250,"column":9}},"101":{"start":{"line":238,"column":11},"end":{"line":245,"column":12}},"102":{"start":{"line":239,"column":14},"end":{"line":239,"column":55}},"103":{"start":{"line":240,"column":14},"end":{"line":240,"column":27}},"104":{"start":{"line":243,"column":14},"end":{"line":244,"column":63}},"105":{"start":{"line":249,"column":10},"end":{"line":249,"column":46}},"106":{"start":{"line":253,"column":11},"end":{"line":275,"column":7}},"107":{"start":{"line":254,"column":8},"end":{"line":254,"column":30}},"108":{"start":{"line":257,"column":8},"end":{"line":273,"column":9}},"109":{"start":{"line":259,"column":10},"end":{"line":272,"column":11}},"110":{"start":{"line":260,"column":12},"end":{"line":267,"column":13}},"111":{"start":{"line":261,"column":14},"end":{"line":261,"column":59}},"112":{"start":{"line":262,"column":14},"end":{"line":262,"column":27}},"113":{"start":{"line":265,"column":14},"end":{"line":266,"column":63}},"114":{"start":{"line":271,"column":12},"end":{"line":271,"column":25}},"115":{"start":{"line":274,"column":8},"end":{"line":274,"column":49}},"116":{"start":{"line":276,"column":6},"end":{"line":276,"column":17}},"117":{"start":{"line":279,"column":4},"end":{"line":281,"column":13}},"118":{"start":{"line":280,"column":6},"end":{"line":280,"column":42}},"119":{"start":{"line":283,"column":4},"end":{"line":283,"column":28}},"120":{"start":{"line":285,"column":4},"end":{"line":289,"column":13}},"121":{"start":{"line":286,"column":6},"end":{"line":288,"column":7}},"122":{"start":{"line":287,"column":8},"end":{"line":287,"column":40}},"123":{"start":{"line":292,"column":4},"end":{"line":299,"column":13}},"124":{"start":{"line":293,"column":6},"end":{"line":298,"column":7}},"125":{"start":{"line":294,"column":9},"end":{"line":294,"column":54}},"126":{"start":{"line":295,"column":9},"end":{"line":295,"column":53}},"127":{"start":{"line":297,"column":9},"end":{"line":297,"column":60}},"128":{"start":{"line":301,"column":4},"end":{"line":306,"column":5}},"129":{"start":{"line":302,"column":6},"end":{"line":302,"column":26}},"130":{"start":{"line":304,"column":9},"end":{"line":306,"column":5}},"131":{"start":{"line":305,"column":6},"end":{"line":305,"column":32}},"132":{"start":{"line":308,"column":4},"end":{"line":308,"column":19}},"133":{"start":{"line":312,"column":4},"end":{"line":317,"column":5}},"134":{"start":{"line":313,"column":6},"end":{"line":313,"column":33}},"135":{"start":{"line":315,"column":9},"end":{"line":317,"column":5}},"136":{"start":{"line":316,"column":6},"end":{"line":316,"column":34}},"137":{"start":{"line":318,"column":4},"end":{"line":320,"column":5}},"138":{"start":{"line":319,"column":6},"end":{"line":319,"column":25}},"139":{"start":{"line":323,"column":4},"end":{"line":323,"column":18}},"140":{"start":{"line":324,"column":4},"end":{"line":329,"column":5}},"141":{"start":{"line":325,"column":6},"end":{"line":325,"column":34}},"142":{"start":{"line":328,"column":6},"end":{"line":328,"column":22}},"143":{"start":{"line":330,"column":4},"end":{"line":330,"column":30}},"144":{"start":{"line":332,"column":4},"end":{"line":334,"column":6}},"145":{"start":{"line":333,"column":6},"end":{"line":333,"column":39}},"146":{"start":{"line":335,"column":4},"end":{"line":337,"column":7}},"147":{"start":{"line":336,"column":6},"end":{"line":336,"column":26}},"148":{"start":{"line":338,"column":4},"end":{"line":340,"column":7}},"149":{"start":{"line":339,"column":6},"end":{"line":339,"column":40}},"150":{"start":{"line":343,"column":4},"end":{"line":358,"column":7}},"151":{"start":{"line":344,"column":6},"end":{"line":344,"column":17}},"152":{"start":{"line":345,"column":6},"end":{"line":345,"column":30}},"153":{"start":{"line":346,"column":6},"end":{"line":356,"column":7}},"154":{"start":{"line":347,"column":8},"end":{"line":347,"column":50}},"155":{"start":{"line":348,"column":8},"end":{"line":352,"column":9}},"156":{"start":{"line":349,"column":12},"end":{"line":349,"column":40}},"157":{"start":{"line":351,"column":12},"end":{"line":351,"column":40}},"158":{"start":{"line":353,"column":8},"end":{"line":355,"column":9}},"159":{"start":{"line":354,"column":10},"end":{"line":354,"column":26}},"160":{"start":{"line":357,"column":6},"end":{"line":357,"column":20}},"161":{"start":{"line":360,"column":4},"end":{"line":368,"column":5}},"162":{"start":{"line":361,"column":6},"end":{"line":367,"column":7}},"163":{"start":{"line":363,"column":8},"end":{"line":363,"column":40}},"164":{"start":{"line":366,"column":8},"end":{"line":366,"column":28}},"165":{"start":{"line":370,"column":4},"end":{"line":372,"column":5}},"166":{"start":{"line":371,"column":6},"end":{"line":371,"column":20}},"167":{"start":{"line":374,"column":4},"end":{"line":380,"column":5}},"168":{"start":{"line":375,"column":6},"end":{"line":375,"column":22}},"169":{"start":{"line":376,"column":6},"end":{"line":378,"column":7}},"170":{"start":{"line":377,"column":8},"end":{"line":377,"column":22}},"171":{"start":{"line":379,"column":6},"end":{"line":379,"column":20}},"172":{"start":{"line":381,"column":4},"end":{"line":383,"column":10}},"173":{"start":{"line":382,"column":6},"end":{"line":382,"column":59}},"174":{"start":{"line":385,"column":4},"end":{"line":395,"column":13}},"175":{"start":{"line":386,"column":6},"end":{"line":386,"column":42}},"176":{"start":{"line":387,"column":6},"end":{"line":387,"column":64}},"177":{"start":{"line":388,"column":6},"end":{"line":393,"column":7}},"178":{"start":{"line":389,"column":8},"end":{"line":389,"column":41}},"179":{"start":{"line":392,"column":8},"end":{"line":392,"column":31}},"180":{"start":{"line":394,"column":6},"end":{"line":394,"column":18}},"181":{"start":{"line":396,"column":4},"end":{"line":398,"column":5}},"182":{"start":{"line":397,"column":6},"end":{"line":397,"column":18}},"183":{"start":{"line":400,"column":4},"end":{"line":424,"column":5}},"184":{"start":{"line":401,"column":6},"end":{"line":406,"column":7}},"185":{"start":{"line":402,"column":8},"end":{"line":402,"column":38}},"186":{"start":{"line":405,"column":8},"end":{"line":405,"column":26}},"187":{"start":{"line":407,"column":6},"end":{"line":407,"column":17}},"188":{"start":{"line":409,"column":6},"end":{"line":411,"column":12}},"189":{"start":{"line":410,"column":8},"end":{"line":410,"column":80}},"190":{"start":{"line":413,"column":6},"end":{"line":423,"column":15}},"191":{"start":{"line":414,"column":8},"end":{"line":422,"column":9}},"192":{"start":{"line":415,"column":10},"end":{"line":415,"column":82}},"193":{"start":{"line":417,"column":10},"end":{"line":417,"column":80}},"194":{"start":{"line":418,"column":10},"end":{"line":418,"column":57}},"195":{"start":{"line":419,"column":10},"end":{"line":419,"column":57}},"196":{"start":{"line":421,"column":10},"end":{"line":421,"column":22}},"197":{"start":{"line":426,"column":4},"end":{"line":428,"column":5}},"198":{"start":{"line":427,"column":6},"end":{"line":427,"column":31}},"199":{"start":{"line":429,"column":4},"end":{"line":429,"column":15}},"200":{"start":{"line":433,"column":0},"end":{"line":442,"column":2}},"201":{"start":{"line":435,"column":2},"end":{"line":435,"column":22}},"202":{"start":{"line":436,"column":2},"end":{"line":440,"column":5}},"203":{"start":{"line":437,"column":4},"end":{"line":439,"column":5}},"204":{"start":{"line":438,"column":7},"end":{"line":438,"column":19}},"205":{"start":{"line":441,"column":2},"end":{"line":441,"column":15}},"206":{"start":{"line":444,"column":0},"end":{"line":482,"column":2}},"207":{"start":{"line":445,"column":2},"end":{"line":445,"column":29}},"208":{"start":{"line":446,"column":2},"end":{"line":452,"column":3}},"209":{"start":{"line":447,"column":4},"end":{"line":447,"column":41}},"210":{"start":{"line":449,"column":4},"end":{"line":451,"column":5}},"211":{"start":{"line":450,"column":6},"end":{"line":450,"column":29}},"212":{"start":{"line":454,"column":2},"end":{"line":460,"column":3}},"213":{"start":{"line":455,"column":5},"end":{"line":459,"column":16}},"214":{"start":{"line":457,"column":7},"end":{"line":457,"column":32}},"215":{"start":{"line":462,"column":2},"end":{"line":464,"column":3}},"216":{"start":{"line":463,"column":5},"end":{"line":463,"column":37}},"217":{"start":{"line":466,"column":2},"end":{"line":466,"column":32}},"218":{"start":{"line":467,"column":2},"end":{"line":469,"column":3}},"219":{"start":{"line":468,"column":5},"end":{"line":468,"column":75}},"220":{"start":{"line":471,"column":2},"end":{"line":481,"column":3}},"221":{"start":{"line":472,"column":4},"end":{"line":477,"column":5}},"222":{"start":{"line":473,"column":6},"end":{"line":473,"column":30}},"223":{"start":{"line":476,"column":6},"end":{"line":476,"column":32}},"224":{"start":{"line":480,"column":4},"end":{"line":480,"column":26}},"225":{"start":{"line":487,"column":0},"end":{"line":514,"column":1}},"226":{"start":{"line":488,"column":2},"end":{"line":490,"column":28}},"227":{"start":{"line":492,"column":2},"end":{"line":493,"column":50}},"228":{"start":{"line":495,"column":2},"end":{"line":496,"column":39}},"229":{"start":{"line":498,"column":2},"end":{"line":498,"column":72}},"230":{"start":{"line":499,"column":2},"end":{"line":499,"column":12}},"231":{"start":{"line":500,"column":2},"end":{"line":505,"column":3}},"232":{"start":{"line":501,"column":4},"end":{"line":501,"column":16}},"233":{"start":{"line":503,"column":7},"end":{"line":505,"column":3}},"234":{"start":{"line":504,"column":4},"end":{"line":504,"column":48}},"235":{"start":{"line":507,"column":2},"end":{"line":513,"column":3}},"236":{"start":{"line":518,"column":0},"end":{"line":569,"column":1}},"237":{"start":{"line":519,"column":2},"end":{"line":520,"column":26}},"238":{"start":{"line":521,"column":2},"end":{"line":532,"column":3}},"239":{"start":{"line":522,"column":4},"end":{"line":523,"column":16}},"240":{"start":{"line":524,"column":4},"end":{"line":531,"column":5}},"241":{"start":{"line":525,"column":6},"end":{"line":525,"column":24}},"242":{"start":{"line":526,"column":6},"end":{"line":526,"column":27}},"243":{"start":{"line":528,"column":9},"end":{"line":531,"column":5}},"244":{"start":{"line":529,"column":6},"end":{"line":529,"column":24}},"245":{"start":{"line":530,"column":6},"end":{"line":530,"column":38}},"246":{"start":{"line":534,"column":2},"end":{"line":534,"column":26}},"247":{"start":{"line":535,"column":2},"end":{"line":537,"column":39}},"248":{"start":{"line":539,"column":2},"end":{"line":539,"column":13}},"249":{"start":{"line":540,"column":2},"end":{"line":555,"column":3}},"250":{"start":{"line":541,"column":4},"end":{"line":541,"column":24}},"251":{"start":{"line":543,"column":7},"end":{"line":555,"column":3}},"252":{"start":{"line":544,"column":4},"end":{"line":544,"column":16}},"253":{"start":{"line":545,"column":4},"end":{"line":550,"column":5}},"254":{"start":{"line":546,"column":6},"end":{"line":546,"column":27}},"255":{"start":{"line":547,"column":6},"end":{"line":548,"column":31}},"256":{"start":{"line":548,"column":8},"end":{"line":548,"column":31}},"257":{"start":{"line":549,"column":6},"end":{"line":549,"column":21}},"258":{"start":{"line":551,"column":4},"end":{"line":551,"column":40}},"259":{"start":{"line":552,"column":4},"end":{"line":554,"column":5}},"260":{"start":{"line":553,"column":6},"end":{"line":553,"column":30}},"261":{"start":{"line":557,"column":2},"end":{"line":567,"column":5}},"262":{"start":{"line":564,"column":6},"end":{"line":565,"column":64}},"263":{"start":{"line":568,"column":2},"end":{"line":568,"column":13}},"264":{"start":{"line":572,"column":0},"end":{"line":574,"column":1}},"265":{"start":{"line":573,"column":2},"end":{"line":573,"column":25}},"266":{"start":{"line":576,"column":0},"end":{"line":576,"column":28}},"267":{"start":{"line":578,"column":0},"end":{"line":582,"column":1}},"268":{"start":{"line":579,"column":2},"end":{"line":581,"column":3}},"269":{"start":{"line":580,"column":5},"end":{"line":580,"column":49}},"270":{"start":{"line":584,"column":0},"end":{"line":584,"column":30}}},"branchMap":{"1":{"line":13,"type":"if","locations":[{"start":{"line":13,"column":4},"end":{"line":13,"column":4}},{"start":{"line":13,"column":4},"end":{"line":13,"column":4}}]},"2":{"line":124,"type":"binary-expr","locations":[{"start":{"line":124,"column":17},"end":{"line":124,"column":27}},{"start":{"line":124,"column":31},"end":{"line":127,"column":5}}]},"3":{"line":126,"type":"binary-expr","locations":[{"start":{"line":126,"column":19},"end":{"line":126,"column":23}},{"start":{"line":126,"column":27},"end":{"line":126,"column":28}}]},"4":{"line":128,"type":"binary-expr","locations":[{"start":{"line":128,"column":17},"end":{"line":128,"column":27}},{"start":{"line":128,"column":31},"end":{"line":128,"column":33}}]},"5":{"line":129,"type":"binary-expr","locations":[{"start":{"line":129,"column":19},"end":{"line":129,"column":31}},{"start":{"line":129,"column":35},"end":{"line":130,"column":53}}]},"6":{"line":131,"type":"binary-expr","locations":[{"start":{"line":131,"column":17},"end":{"line":131,"column":27}},{"start":{"line":131,"column":31},"end":{"line":131,"column":33}}]},"7":{"line":133,"type":"binary-expr","locations":[{"start":{"line":133,"column":15},"end":{"line":133,"column":19}},{"start":{"line":133,"column":23},"end":{"line":133,"column":44}}]},"8":{"line":135,"type":"binary-expr","locations":[{"start":{"line":135,"column":14},"end":{"line":135,"column":34}},{"start":{"line":135,"column":38},"end":{"line":135,"column":45}}]},"9":{"line":136,"type":"binary-expr","locations":[{"start":{"line":136,"column":18},"end":{"line":136,"column":21}},{"start":{"line":136,"column":25},"end":{"line":136,"column":43}}]},"10":{"line":139,"type":"if","locations":[{"start":{"line":139,"column":4},"end":{"line":139,"column":4}},{"start":{"line":139,"column":4},"end":{"line":139,"column":4}}]},"11":{"line":140,"type":"if","locations":[{"start":{"line":140,"column":7},"end":{"line":140,"column":7}},{"start":{"line":140,"column":7},"end":{"line":140,"column":7}}]},"12":{"line":143,"type":"if","locations":[{"start":{"line":143,"column":10},"end":{"line":143,"column":10}},{"start":{"
[...]
":535,"column":25},"end":{"line":535,"column":29}}]},"91":{"line":536,"type":"binary-expr","locations":[{"start":{"line":536,"column":13},"end":{"line":536,"column":21}},{"start":{"line":536,"column":25},"end":{"line":536,"column":29}}]},"92":{"line":537,"type":"binary-expr","locations":[{"start":{"line":537,"column":16},"end":{"line":537,"column":27}},{"start":{"line":537,"column":31},"end":{"line":537,"column":38}}]},"93":{"line":540,"type":"if","locations":[{"start":{"line":540,"column":2},"end":{"line":540,"column":2}},{"start":{"line":540,"column":2},"end":{"line":540,"column":2}}]},"94":{"line":543,"type":"if","locations":[{"start":{"line":543,"column":7},"end":{"line":543,"column":7}},{"start":{"line":543,"column":7},"end":{"line":543,"column":7}}]},"95":{"line":545,"type":"if","locations":[{"start":{"line":545,"column":4},"end":{"line":545,"column":4}},{"start":{"line":545,"column":4},"end":{"line":545,"column":4}}]},"96":{"line":547,"type":"if","locations":[{"start":{"line":547,"column":6},"end":{"line":547,"column":6}},{"start":{"line":547,"column":6},"end":{"line":547,"column":6}}]},"97":{"line":551,"type":"binary-expr","locations":[{"start":{"line":551,"column":22},"end":{"line":551,"column":26}},{"start":{"line":551,"column":30},"end":{"line":551,"column":38}}]},"98":{"line":552,"type":"if","locations":[{"start":{"line":552,"column":4},"end":{"line":552,"column":4}},{"start":{"line":552,"column":4},"end":{"line":552,"column":4}}]},"99":{"line":558,"type":"binary-expr","locations":[{"start":{"line":558,"column":10},"end":{"line":558,"column":18}},{"start":{"line":558,"column":22},"end":{"line":558,"column":26}},{"start":{"line":558,"column":30},"end":{"line":558,"column":34}}]},"100":{"line":564,"type":"binary-expr","locations":[{"start":{"line":564,"column":13},"end":{"line":564,"column":28}},{"start":{"line":564,"column":32},"end":{"line":564,"column":47}},{"start":{"line":564,"column":51},"end":{"line":564,"column":70}},{"start":{"line":565,"column":11},"end":{"line":565,"column":26}},{"start":{"line":565,"column":31},"end":{"line":565,"column":39}},{"start":{"line":565,"column":43},"end":{"line":565,"column":62}}]},"101":{"line":579,"type":"if","locations":[{"start":{"line":579,"column":2},"end":{"line":579,"column":2}},{"start":{"line":579,"column":2},"end":{"line":579,"column":2}}]}},"code":["var _ = require(\"underscore\"), chalk = require('chalk');","","","function ArgParser() {","   this.commands = {};  // expected commands","   this.specs = {};     // option specifications","}","","ArgParser.prototype = {","  /* Add a command to the expected commands */","  command : function(name) {","    var command;","    if (name) {","      command = this.commands[name] = {","        name: name,","        specs: {}","      };","    }","    else {","      command = this.fallback = {","        specs: {}","      };","    }","","    // facilitates command('name').options().cb().help()","    var chain = {","      options : function(specs) {","        command.specs = specs;","        return chain;","      },","      opts : function(specs) {","        // old API","        return this.options(specs);","      },","      option : function(name, spec) {","        command.specs[name] = spec;","        return chain;","      },","      callback : function(cb) {","        command.cb = cb;","        return chain;","      },","      help : function(help) {","        command.help = help;","        return chain;","      },","      usage : function(usage) {","        command._usage = usage;","        return chain;","      }","    };","    return chain;","  },","","  nocommand : function() {","    return this.command();","  },","","  options : function(specs) {","    this.specs = specs;","    return this;","  },","","  opts : function(specs) {","    // old API","    return this.options(specs);","  },","","  globalOpts : function(specs) {","    // old API","    return this.options(specs);","  },","","  option : function(name, spec) {","    this.specs[name] = spec;","    return this;","  },","","  usage : function(usage) {","    this._usage = usage;","    return this;","  },","","  printer : function(print) {","    this.print = print;","    return this;","  },","","  script : function(script) {","    this._script = script;","    return this;","  },","","  scriptName : function(script) {","    // old API","    return this.script(script);","  },","","  help : function(help) {","    this._help = help;","    return this;","  },","","  colors: function() {","    // deprecated - colors are on by default now","    return this;","  },","","  nocolors : function() {","    this._nocolors = true;","    return this;","  },","","  parseArgs : function(argv) {","    // old API","    return this.parse(argv);","  },","","  nom : function(argv) {","    return this.parse(argv);","  },","","  parse : function(argv) {","    this.print = this.print || function(str, code) {","      console.log(str);","      process.exit(code || 0);","    };","    this._help = this._help || \"\";","    this._script = this._script || process.argv[0] + \" \"","          + require('path').basename(process.argv[1]);","    this.specs = this.specs || {};","","    var argv = argv || process.argv.slice(2);","","    var arg = Arg(argv[0]).isValue && argv[0],","        command = arg && this.commands[arg],","        commandExpected = !_(this.commands).isEmpty();","","    if (commandExpected) {","       if (command) {","          _(this.specs).extend(command.specs);","          this._script += \" \" + command.name;","          if (command.help) {","            this._help = command.help;","          }","          this.command = command;","       }","       else if (arg) {","          return this.print(this._script + \": no such command '\" + arg + \"'\", 1);","       }","       else {","          // no command but command expected e.g. 'git -v'","          var helpStringBuilder = {","            list : function() {","               return 'one of: ' + _(this.commands).keys().join(\", \");","            },","            twoColumn : function() {","              // find the longest command name to ensure horizontal alignment","              var maxLength = _(this.commands).max(function (cmd) {","                return cmd.name.length;","              }).name.length;","","              // create the two column text strings","              var cmdHelp = _.map(this.commands, function(cmd, name) {","                var diff = maxLength - name.length;","                var pad = new Array(diff + 4).join(\" \");","                return \"  \" + [ name, pad, cmd.help ].join(\" \");","              });","              return \"\\n\" + cmdHelp.join(\"\\n\");","            }","          };","","          // if there are a small number of commands and all have help strings,","          // display them in a two column table; otherwise use the brief version.","          // The arbitrary choice of \"20\" comes from the number commands git","          // displays as \"common commands\"","          var helpType = 'list';","          if (_(this.commands).size() <= 20) {","            if (_(this.commands).every(function (cmd) { return cmd.help; })) {","                helpType = 'twoColumn';","            }","          }","","          this.specs.command = {","            position: 0,","            help: helpStringBuilder[helpType].call(this)","          }","","          if (this.fallback) {","            _(this.specs).extend(this.fallback.specs);","            this._help = this.fallback.help;","          } else {","            this.specs.command.required = true;","          }","       }","    }","","    if (this.specs.length === undefined) {","      // specs is a hash not an array","      this.specs = _(this.specs).map(function(opt, name) {","        opt.name = name;","        return opt;","      });","    }","    this.specs = this.specs.map(function(opt) {","      return Opt(opt);","    });","","    if (argv.indexOf(\"--help\") >= 0 || argv.indexOf(\"-h\") >= 0) {","      return this.print(this.getUsage());","    }","","    var options = {};","    var args = argv.map(function(arg) {","      return Arg(arg);","    })","    .concat(Arg());","","    var positionals = [];","","    /* parse the args */","    var that = this;","    args.reduce(function(arg, val) {","      /* positional */","      if (arg.isValue) {","        positionals.push(arg.value);","      }","      else if (arg.chars) {","        var last = arg.chars.pop();","","        /* -cfv */","        (arg.chars).forEach(function(ch) {","          that.setOption(options, ch, true);","        });","","        /* -v key */","        if (!that.opt(last).flag) {","           if (val.isValue)  {","              that.setOption(options, last, val.value);","              return Arg(); // skip next turn - swallow arg","           }","           else {","              that.print(\"'-\" + (that.opt(last).name || last) + \"'\"","                + \" expects a value\\n\\n\" + that.getUsage(), 1);","           }","        }","        else {","          /* -v */","          that.setOption(options, last, true);","        }","","      }","      else if (arg.full) {","        var value = arg.value;","","        /* --key */","        if (value === undefined) {","          /* --key value */","          if (!that.opt(arg.full).flag) {","            if (val.isValue) {","              that.setOption(options, arg.full, val.value);","              return Arg();","            }","            else {","              that.print(\"'--\" + (that.opt(arg.full).name || arg.full) + \"'\"","                + \" expects a value\\n\\n\" + that.getUsage(), 1);","            }","          }","          else {","            /* --flag */","            value = true;","          }","        }","        that.setOption(options, arg.full, value);","      }","      return val;","    });","","    positionals.forEach(function(pos, index) {","      this.setOption(options, index, pos);","    }, this);","","    options._ = positionals;","","    this.specs.forEach(function(opt) {","      if (opt.default !== undefined && options[opt.name] === undefined) {","        options[opt.name] = opt.default;","      }","    }, this);","","    // exit if required arg isn't present","    this.specs.forEach(function(opt) {","      if (opt.required && options[opt.name] === undefined) {","         var msg = opt.name + \" argument is required\";","         msg = this._nocolors ? msg : chalk.red(msg);","","         this.print(\"\\n\" + msg + \"\\n\" + this.getUsage(), 1);","      }","    }, this);","","    if (command && command.cb) {","      command.cb(options);","    }","    else if (this.fallback && this.fallback.cb) {","      this.fallback.cb(options);","    }","","    return options;","  },","","  getUsage : function() {","    if (this.command && this.command._usage) {","      return this.command._usage;","    }","    else if (this.fallback && this.fallback._usage) {","      return this.fallback._usage;","    }","    if (this._usage) {","      return this._usage;","    }","","    // todo: use a template","    var str = \"\\n\"","    if (!this._nocolors) {","      str += chalk.bold(\"Usage:\");","    }","    else {","      str += \"Usage:\";","    }","    str += \" \" + this._script;","","    var positionals = _(this.specs).select(function(opt) {","      return opt.position != undefined;","    })","    positionals = _(positionals).sortBy(function(opt) {","      return opt.position;","    });","    var options = _(this.specs).select(function(opt) {","      return opt.position === undefined;","    });","","    // assume there are no gaps in the specified pos. args","    positionals.forEach(function(pos) {","      str += \" \";","      var posStr = pos.string;","      if (!posStr) {","        posStr = pos.name || \"arg\" + pos.position;","        if (pos.required) {","            posStr = \"<\" + posStr + \">\";","        } else {","            posStr = \"[\" + posStr + \"]\";","        }","        if (pos.list) {","          posStr += \"...\";","        }","      }","      str += posStr;","    });","","    if (options.length) {","      if (!this._nocolors) {","        // must be a better way to do this","        str += chalk.blue(\" [options]\");","      }","      else {","        str += \" [options]\";","      }","    }","","    if (options.length || positionals.length) {","      str += \"\\n\\n\";","    }","","    function spaces(length) {","      var spaces = \"\";","      for (var i = 0; i < length; i++) {","        spaces += \" \";","      }","      return spaces;","    }","    var longest = positionals.reduce(function(max, pos) {","      return pos.name.length > max ? pos.name.length : max;","    }, 0);","","    positionals.forEach(function(pos) {","      var posStr = pos.string || pos.name;","      str += posStr + spaces(longest - posStr.length) + \"     \";","      if (!this._nocolors) {","        str += chalk.grey(pos.help || \"\")","      }","      else {","        str += (pos.help || \"\")","      }","      str += \"\\n\";","    }, this);","    if (positionals.length && options.length) {","      str += \"\\n\";","    }","","    if (options.length) {","      if (!this._nocolors) {","        str += chalk.blue(\"Options:\");","      }","      else {","        str += \"Options:\";","      }","      str += \"\\n\"","","      var longest = options.reduce(function(max, opt) {","        return opt.string.length > max && !opt.hidden ? opt.string.length : max;","      }, 0);","","      options.forEach(function(opt) {","        if (!opt.hidden) {","          str += \"   \" + opt.string + spaces(longest - opt.string.length) + \"   \";","","          var defaults = (opt.default != null ? \"  [\" + opt.default + \"]\" : \"\");","          var help = opt.help ? opt.help + defaults : \"\";","          str += this._nocolors ? help: chalk.grey(help);","","          str += \"\\n\";","        }","      }, this);","    }","","    if (this._help) {","      str += \"\\n\" + this._help;","    }","    return str;","  }","};","","ArgParser.prototype.opt = function(arg) {","  // get the specified opt for this parsed arg","  var match = Opt({});","  this.specs.forEach(function(opt) {","    if (opt.matches(arg)) {","       match = opt;","    }","  });","  return match;","};","","ArgParser.prototype.setOption = function(options, arg, value) {","  var option = this.opt(arg);","  if (option.callback) {","    var message = option.callback(value);","","    if (typeof message == \"string\") {","      this.print(message, 1);","    }","  }","","  if (option.type != \"string\") {","     try {","       // infer type by JSON parsing the string","       value = JSON.parse(value)","     }","     catch(e) {}","  }","","  if (option.transform) {","     value = option.transform(value);","  }","","  var name = option.name || arg;","  if (option.choices && option.choices.indexOf(value) == -1) {","     this.print(name + \" must be one of: \" + option.choices.join(\", \"), 1);","  }","","  if (option.list) {","    if (!options[name]) {","      options[name] = [value];","    }","    else {","      options[name].push(value);","    }","  }","  else {","    options[name] = value;","  }","};","","","/* an arg is an item that's actually parsed from the command line","   e.g. \"-l\", \"log.txt\", or \"--logfile=log.txt\" */","var Arg = function(str) {","  var abbrRegex = /^\\-(\\w+?)$/,","      fullRegex = /^\\-\\-(no\\-)?(.+?)(?:=(.+))?$/,","      valRegex = /^[^\\-].*/;","","  var charMatch = abbrRegex.exec(str),","      chars = charMatch && charMatch[1].split(\"\");","","  var fullMatch = fullRegex.exec(str),","      full = fullMatch && fullMatch[2];","","  var isValue = str !== undefined && (str === \"\" || valRegex.test(str));","  var value;","  if (isValue) {","    value = str;","  }","  else if (full) {","    value = fullMatch[1] ? false : fullMatch[3];","  }","","  return {","    str: str,","    chars: chars,","    full: full,","    value: value,","    isValue: isValue","  }","}","","","/* an opt is what's specified by the user in opts hash */","var Opt = function(opt) {","  var strings = (opt.string || \"\").split(\",\"),","      abbr, full, metavar;","  for (var i = 0; i < strings.length; i++) {","    var string = strings[i].trim(),","        matches;","    if (matches = string.match(/^\\-([^-])(?:\\s+(.*))?$/)) {","      abbr = matches[1];","      metavar = matches[2];","    }","    else if (matches = string.match(/^\\-\\-(.+?)(?:[=\\s]+(.+))?$/)) {","      full = matches[1];","      metavar = metavar || matches[2];","    }","  }","","  matches = matches || [];","  var abbr = opt.abbr || abbr,   // e.g. v from -v","      full = opt.full || full, // e.g. verbose from --verbose","      metavar = opt.metavar || metavar;  // e.g. PATH from '--config=PATH'","","  var string;","  if (opt.string) {","    string = opt.string;","  }","  else if (opt.position === undefined) {","    string = \"\";","    if (abbr) {","      string += \"-\" + abbr;","      if (metavar)","        string += \" \" + metavar","      string += \", \";","    }","    string += \"--\" + (full || opt.name);","    if (metavar) {","      string += \" \" + metavar;","    }","  }","","  opt = _(opt).extend({","    name: opt.name || full || abbr,","    string: string,","    abbr: abbr,","    full: full,","    metavar: metavar,","    matches: function(arg) {","      return opt.full == arg || opt.abbr == arg || opt.position == arg","        || opt.name == arg || (opt.list && arg >= opt.position);","    }","  });","  return opt;","}","","","var createParser = function() {","  return new ArgParser();","}","","var nomnom = createParser();","","for (var i in nomnom) {","  if (typeof nomnom[i] == \"function\") {","     createParser[i] = _(nomnom[i]).bind(nomnom);","  }","}","","module.exports = createParser;",""],"l":{"1":1,"4":1,"5":1,"6":1,"9":1,"12":0,"13":0,"14":0,"20":0,"26":0,"28":0,"29":0,"33":0,"36":0,"37":0,"40":0,"41":0,"44":0,"45":0,"48":0,"49":0,"52":0,"56":0,"60":0,"61":0,"66":0,"71":0,"75":0,"76":0,"80":0,"81":0,"85":0,"86":0,"90":0,"91":0,"96":0,"100":0,"101":0,"106":0,"110":0,"111":0,"116":0,"120":0,"124":0,"125":0,"126":0,"128":0,"129":0,"131":0,"133":0,"135":0,"139":0,"140":0,"141":0,"142":0,"143":0,"144":0,"146":0,"148":0,"149":0,"153":0,"155":0,"159":0,"160":0,"164":0,"165":0,"166":0,"167":0,"169":0,"177":0,"178":0,"179":0,"180":0,"184":0,"189":0,"190":0,"191":0,"193":0,"198":0,"200":0,"201":0,"202":0,"205":0,"206":0,"209":0,"210":0,"213":0,"214":0,"215":0,"219":0,"222":0,"223":0,"225":0,"226":0,"228":0,"229":0,"232":0,"233":0,"237":0,"238":0,"239":0,"240":0,"243":0,"249":0,"253":0,"254":0,"257":0,"259":0,"260":0,"261":0,"262":0,"265":0,"271":0,"274":0,"276":0,"279":0,"280":0,"283":0,"285":0,"286":0,"287":0,"292":0,"293":0,"294":0,"295":0,"297":0,"301":0,"302":0,"304":0,"305":0,"308":0,"312":0,"313":0,"315":0,"316":0,"318":0,"319":0,"323":0,"324":0,"325":0,"328":0,"330":0,"332":0,"333":0,"335":0,"336":0,"338":0,"339":0,"343":0,"344":0,"345":0,"346":0,"347":0,"348":0,"349":0,"351":0,"353":0,"354":0,"357":0,"360":0,"361":0,"363":0,"366":0,"370":0,"371":0,"374":1,"375":0,"376":0,"377":0,"379":0,"381":0,"382":0,"385":0,"386":0,"387":0,"388":0,"389":0,"392":0,"394":0,"396":0,"397":0,"400":0,"401":0,"402":0,"405":0,"407":0,"409":0,"410":0,"413":0,"414":0,"415":0,"417":0,"418":0,"419":0,"421":0,"426":0,"427":0,"429":0,"433":1,"435":0,"436":0,"437":0,"438":0,"441":0,"444":1,"445":0,"446":0,"447":0,"449":0,"450":0,"454":0,"455":0,"457":0,"462":0,"463":0,"466":0,"467":0,"468":0,"471":0,"472":0,"473":0,"476":0,"480":0,"487":1,"488":0,"492":0,"495":0,"498":0,"499":0,"500":0,"501":0,"503":0,"504":0,"507":0,"518":1,"519":0,"521":0,"522":0,"524":0,"525":0,"526":0,"528":0,"529":0,"530":0,"534":0,"535":0,"539":0,"540":0,"541":0,"543":0,"544":0,"545":0,"546":0,"547":0,"548":0,"549":0,"551":0,"552":0,"553":0,"557":0,"564":0,"568":0,"572":1,"573":1,"576":1,"578":1,"579":21,"580":19,"584":1}}}